#
# A fatal error has been detected by the Java Runtime Environment:
#
#  EXCEPTION_ACCESS_VIOLATION (0xc0000005) at pc=0x00007fff0938f96b, pid=1396, tid=2776
#
# JRE version: OpenJDK Runtime Environment 18.9 (11.0.14.1+1) (build 11.0.14.1+1)
# Java VM: OpenJDK 64-Bit Server VM 18.9 (11.0.14.1+1, mixed mode, tiered, compressed oops, g1 gc, windows-amd64)
# Problematic frame:
# V  [jvm.dll+0x6f96b]
#
# No core dump will be written. Minidumps are not enabled by default on client versions of Windows
#
# If you would like to submit a bug report, please visit:
#   https://bugreport.java.com/bugreport/crash.jsp
#

---------------  S U M M A R Y ------------

Command Line: -Dapplication.name=my-fuse-app -Dapplication.log-dir=logs -Dapplication.log-archive-root-dir=logs/archive -javaagent:C:\Users\mmahasantipiya\AppData\Local\JetBrains\IntelliJ IDEA Community Edition 2022.1.4\lib\idea_rt.jar=50483:C:\Users\mmahasantipiya\AppData\Local\JetBrains\IntelliJ IDEA Community Edition 2022.1.4\bin -Dfile.encoding=UTF-8 org.galatea.starter.Application --spring.profiles.active=dev --server.port=8080

Host: Intel(R) Core(TM) i5-7260U CPU @ 2.20GHz, 4 cores, 15G,  Windows 10 , 64 bit Build 19041 (10.0.19041.1706)
Time: Tue Aug  2 15:34:24 2022 Eastern Daylight Time elapsed time: 10.690251 seconds (0d 0h 0m 10s)

---------------  T H R E A D  ---------------

Current thread (0x000001f9243ba000):  JavaThread "C2 CompilerThread0" daemon [_thread_in_native, id=2776, stack(0x000000a150000000,0x000000a150100000)]


Current CompileTask:
C2:  10690 6392   !   4       jdk.internal.loader.BuiltinClassLoader::findClassOnClassPathOrNull (64 bytes)

Stack: [0x000000a150000000,0x000000a150100000],  sp=0x000000a1500fb810,  free space=1006k
Native frames: (J=compiled Java code, j=interpreted, Vv=VM code, C=native code)
V  [jvm.dll+0x6f96b]
V  [jvm.dll+0x64a5b6]
V  [jvm.dll+0x19d13d]
V  [jvm.dll+0x206d32]
V  [jvm.dll+0x205e0d]
V  [jvm.dll+0x187dd1]
V  [jvm.dll+0x215664]
V  [jvm.dll+0x2138ab]
V  [jvm.dll+0x719160]
V  [jvm.dll+0x7120c4]
V  [jvm.dll+0x618886]
C  [ucrtbase.dll+0x21bb2]
C  [KERNEL32.DLL+0x17034]
C  [ntdll.dll+0x52651]


siginfo: EXCEPTION_ACCESS_VIOLATION (0xc0000005), reading address 0xffffffffffffffff


Register to memory mapping:

RIP=0x00007fff0938f96b jvm.dll
RAX=0x000001f92a3610a8 points into unknown readable memory: 0x654d2f7463656c66 | 66 6c 65 63 74 2f 4d 65
RBX=0x000000000000098b is an unknown value
RCX=0x654d2f7463656c66 is an unknown value
RDX=0x0 is NULL
RSP=0x000000a1500fb810 is pointing into the stack for thread: 0x000001f9243ba000
RBP=0x000000a1500fb940 is pointing into the stack for thread: 0x000001f9243ba000
RSI=0x000000000005f6e0 is an unknown value
RDI=0x000001f92a369060 points into unknown readable memory: 0x00007fff09ad21d8 | d8 21 ad 09 ff 7f 00 00
R8 =0x0000000000000400 is an unknown value
R9 =0x0 is NULL
R10=0x0000000000000005 is an unknown value
R11=0x0000000000000400 is an unknown value
R12=0x0000000000000002 is an unknown value
R13=0x000001f92a369060 points into unknown readable memory: 0x00007fff09ad21d8 | d8 21 ad 09 ff 7f 00 00
R14=0x000001f927e8f6a0 points into unknown readable memory: 0x000001f9243b1920 | 20 19 3b 24 f9 01 00 00
R15=0x0000000000000002 is an unknown value


Registers:
RAX=0x000001f92a3610a8, RBX=0x000000000000098b, RCX=0x654d2f7463656c66, RDX=0x0000000000000000
RSP=0x000000a1500fb810, RBP=0x000000a1500fb940, RSI=0x000000000005f6e0, RDI=0x000001f92a369060
R8 =0x0000000000000400, R9 =0x0000000000000000, R10=0x0000000000000005, R11=0x0000000000000400
R12=0x0000000000000002, R13=0x000001f92a369060, R14=0x000001f927e8f6a0, R15=0x0000000000000002
RIP=0x00007fff0938f96b, EFLAGS=0x0000000000010202

Top of Stack: (sp=0x000000a1500fb810)
0x000000a1500fb810:   000001f925f080a8 0000000000000000
0x000000a1500fb820:   000001f927e8f6e0 000000a1500fb940
0x000000a1500fb830:   000000000005f6e0 00007fff0996a5b6
0x000000a1500fb840:   000001f900000000 000000000000098b
0x000000a1500fb850:   000000a1500fb940 000001f925f080a8
0x000000a1500fb860:   000001f927e8f6e0 000001f927e8f6a0
0x000000a1500fb870:   0000000000000001 000001f900000000
0x000000a1500fb880:   000001f927e8f6e0 000001f925f080a8
0x000000a1500fb890:   000001f92a369060 0000004000000004
0x000000a1500fb8a0:   0000000000000000 00007fff00000007
0x000000a1500fb8b0:   000001f927addfe0 000001f92bf1ee30
0x000000a1500fb8c0:   00007fff000005e8 00000000000021e1
0x000000a1500fb8d0:   0000000000000000 0000000000000000
0x000000a1500fb8e0:   0000000000000000 0000000000000000
0x000000a1500fb8f0:   0000000000000000 0000000000000000
0x000000a1500fb900:   0000000000000000 0000000000000000 

Instructions: (pc=0x00007fff0938f96b)
0x00007fff0938f86b:   cc cc cc cc cc b8 d6 00 00 00 c3 cc cc cc cc cc
0x00007fff0938f87b:   cc cc cc cc cc b8 d7 00 00 00 c3 cc cc cc cc cc
0x00007fff0938f88b:   cc cc cc cc cc b8 e4 00 00 00 c3 cc cc cc cc cc
0x00007fff0938f89b:   cc cc cc cc cc b8 e5 00 00 00 c3 cc cc cc cc cc
0x00007fff0938f8ab:   cc cc cc cc cc b8 f0 00 00 00 c3 cc cc cc cc cc
0x00007fff0938f8bb:   cc cc cc cc cc b8 f1 00 00 00 c3 cc cc cc cc cc
0x00007fff0938f8cb:   cc cc cc cc cc b8 fc 00 00 00 c3 cc cc cc cc cc
0x00007fff0938f8db:   cc cc cc cc cc b8 06 01 00 00 c3 cc cc cc cc cc
0x00007fff0938f8eb:   cc cc cc cc cc b8 07 01 00 00 c3 cc cc cc cc cc
0x00007fff0938f8fb:   cc cc cc cc cc b8 1d 01 00 00 c3 cc cc cc cc cc
0x00007fff0938f90b:   cc cc cc cc cc b8 1e 01 00 00 c3 cc cc cc cc cc
0x00007fff0938f91b:   cc cc cc cc cc b8 1f 01 00 00 c3 cc cc cc cc cc
0x00007fff0938f92b:   cc cc cc cc cc b8 20 01 00 00 c3 cc cc cc cc cc
0x00007fff0938f93b:   cc cc cc cc cc b8 27 01 00 00 c3 cc cc cc cc cc
0x00007fff0938f94b:   cc cc cc cc cc b8 28 01 00 00 c3 cc cc cc cc cc
0x00007fff0938f95b:   cc cc cc cc cc 48 83 ec 28 48 8b 41 40 48 8b 08
0x00007fff0938f96b:   48 8b 01 ff 90 d8 00 00 00 48 3b 05 75 06 a0 00
0x00007fff0938f97b:   75 0a b8 0d 00 00 00 48 83 c4 28 c3 48 63 40 10
0x00007fff0938f98b:   48 8d 0d e2 2f 98 00 48 c1 e0 05 8b 04 08 48 83
0x00007fff0938f99b:   c4 28 c3 cc cc 48 89 5c 24 10 48 89 4c 24 08 55
0x00007fff0938f9ab:   56 57 41 54 41 55 41 56 41 57 48 8d 6c 24 f0 48
0x00007fff0938f9bb:   81 ec 10 01 00 00 4d 8b 50 18 4d 8b f8 48 8b 41
0x00007fff0938f9cb:   08 48 8b f2 48 8b 15 da ac 99 00 41 be 03 00 00
0x00007fff0938f9db:   00 44 8b 05 95 3f 84 00 4c 8b 48 08 41 8b 41 28
0x00007fff0938f9eb:   4c 8d 0d 0e 06 f9 ff 49 0f bf 5c 82 02 45 0f bf
0x00007fff0938f9fb:   24 82 8b 41 28 45 0f bf 2c 82 49 0f bf 7c 82 02
0x00007fff0938fa0b:   83 fb ff 75 09 c7 45 60 00 00 00 00 eb 1a 3b da
0x00007fff0938fa1b:   7c 06 44 89 75 60 eb 10 45 39 84 d9 e0 e4 9c 00
0x00007fff0938fa2b:   1b c0 83 c0 02 89 45 60 83 ff ff 75 05 45 33 f6
0x00007fff0938fa3b:   eb 13 3b fa 7d 0f 45 39 84 f9 e0 e4 9c 00 45 1b
0x00007fff0938fa4b:   f6 41 83 c6 02 3b df 75 09 45 3b e5 0f 84 27 0e
0x00007fff0938fa5b:   00 00 48 8b 01 ff 50 28 8b 48 10 83 e9 0a 83 f9 


Stack slot to memory mapping:
stack at sp + 0 slots: 0x000001f925f080a8 points into unknown readable memory: 0x00007fff09b48d70 | 70 8d b4 09 ff 7f 00 00
stack at sp + 1 slots: 0x0 is NULL
stack at sp + 2 slots: 0x000001f927e8f6e0 points into unknown readable memory: 0x000001f9243b1920 | 20 19 3b 24 f9 01 00 00
stack at sp + 3 slots: 0x000000a1500fb940 is pointing into the stack for thread: 0x000001f9243ba000
stack at sp + 4 slots: 0x000000000005f6e0 is an unknown value
stack at sp + 5 slots: 0x00007fff0996a5b6 jvm.dll
stack at sp + 6 slots: 0x000001f900000000 is an unknown value
stack at sp + 7 slots: 0x000000000000098b is an unknown value


---------------  P R O C E S S  ---------------

Threads class SMR info:
_java_thread_list=0x000001f9274cd0d0, length=29, elements={
0x000001f97ac1e000, 0x000001f923abe800, 0x000001f923ab7800, 0x000001f9243aa800,
0x000001f9243ae000, 0x000001f9243b0800, 0x000001f9243ba000, 0x000001f9243c5000,
0x000001f9243c6800, 0x000001f92466d000, 0x000001f92452a000, 0x000001f924e3b000,
0x000001f927fb9000, 0x000001f925ce8800, 0x000001f928db3000, 0x000001f928eb9000,
0x000001f92ab3e800, 0x000001f92a825800, 0x000001f92a358800, 0x000001f9279a9800,
0x000001f9279ab000, 0x000001f9279af800, 0x000001f9279aa800, 0x000001f9279ac000,
0x000001f9279ad000, 0x000001f9279ad800, 0x000001f9279ae800, 0x000001f92a5b7000,
0x000001f92a5b5000
}

Java Threads: ( => current thread )
  0x000001f97ac1e000 JavaThread "main" [_thread_in_vm, id=6752, stack(0x000000a14f400000,0x000000a14f500000)]
  0x000001f923abe800 JavaThread "Reference Handler" daemon [_thread_blocked, id=11044, stack(0x000000a14fb00000,0x000000a14fc00000)]
  0x000001f923ab7800 JavaThread "Finalizer" daemon [_thread_blocked, id=1408, stack(0x000000a14fc00000,0x000000a14fd00000)]
  0x000001f9243aa800 JavaThread "Signal Dispatcher" daemon [_thread_blocked, id=10000, stack(0x000000a14fd00000,0x000000a14fe00000)]
  0x000001f9243ae000 JavaThread "Attach Listener" daemon [_thread_blocked, id=3272, stack(0x000000a14fe00000,0x000000a14ff00000)]
  0x000001f9243b0800 JavaThread "Service Thread" daemon [_thread_blocked, id=11884, stack(0x000000a14ff00000,0x000000a150000000)]
=>0x000001f9243ba000 JavaThread "C2 CompilerThread0" daemon [_thread_in_native, id=2776, stack(0x000000a150000000,0x000000a150100000)]
  0x000001f9243c5000 JavaThread "C1 CompilerThread0" daemon [_thread_in_native, id=5756, stack(0x000000a150100000,0x000000a150200000)]
  0x000001f9243c6800 JavaThread "Sweeper thread" daemon [_thread_blocked, id=4380, stack(0x000000a150200000,0x000000a150300000)]
  0x000001f92466d000 JavaThread "Common-Cleaner" daemon [_thread_blocked, id=3828, stack(0x000000a150300000,0x000000a150400000)]
  0x000001f92452a000 JavaThread "C2 CompilerThread1" daemon [_thread_in_native, id=1696, stack(0x000000a150400000,0x000000a150500000)]
  0x000001f924e3b000 JavaThread "Monitor Ctrl-Break" daemon [_thread_in_native, id=4344, stack(0x000000a150500000,0x000000a150600000)]
  0x000001f927fb9000 JavaThread "AsyncAppender-AsyncAppender" daemon [_thread_blocked, id=11972, stack(0x000000a150a00000,0x000000a150b00000)]
  0x000001f925ce8800 JavaThread "AsyncAppender-AsyncRestRequestAppender" daemon [_thread_blocked, id=8040, stack(0x000000a150b00000,0x000000a150c00000)]
  0x000001f928db3000 JavaThread "qtp1436571084-24" [_thread_blocked, id=3684, stack(0x000000a150c00000,0x000000a150d00000)]
  0x000001f928eb9000 JavaThread "qtp1436571084-25" [_thread_blocked, id=3924, stack(0x000000a150d00000,0x000000a150e00000)]
  0x000001f92ab3e800 JavaThread "qtp1436571084-26" [_thread_blocked, id=8188, stack(0x000000a150e00000,0x000000a150f00000)]
  0x000001f92a825800 JavaThread "qtp1436571084-27" [_thread_blocked, id=2284, stack(0x000000a150f00000,0x000000a151000000)]
  0x000001f92a358800 JavaThread "qtp1436571084-28" [_thread_blocked, id=6640, stack(0x000000a151000000,0x000000a151100000)]
  0x000001f9279a9800 JavaThread "qtp1436571084-29" [_thread_blocked, id=5008, stack(0x000000a151100000,0x000000a151200000)]
  0x000001f9279ab000 JavaThread "qtp1436571084-30" [_thread_blocked, id=3244, stack(0x000000a151200000,0x000000a151300000)]
  0x000001f9279af800 JavaThread "qtp1436571084-31" [_thread_blocked, id=8672, stack(0x000000a151300000,0x000000a151400000)]
  0x000001f9279aa800 JavaThread "Scheduler-972598720" [_thread_blocked, id=7936, stack(0x000000a151400000,0x000000a151500000)]
  0x000001f9279ac000 JavaThread "__DEFAULT__" daemon [_thread_blocked, id=4332, stack(0x000000a151500000,0x000000a151600000)]
  0x000001f9279ad000 JavaThread "Statistics Thread-__DEFAULT__-1" daemon [_thread_blocked, id=9692, stack(0x000000a151600000,0x000000a151700000)]
  0x000001f9279ad800 JavaThread "Thread-14" daemon [_thread_blocked, id=4696, stack(0x000000a151700000,0x000000a151800000)]
  0x000001f9279ae800 JavaThread "SimplePauseDetectorThread_0" daemon [_thread_blocked, id=3584, stack(0x000000a151800000,0x000000a151900000)]
  0x000001f92a5b7000 JavaThread "HikariPool-1 housekeeper" daemon [_thread_blocked, id=9276, stack(0x000000a151900000,0x000000a151a00000)]
  0x000001f92a5b5000 JavaThread "HikariPool-1 connection adder" daemon [_thread_blocked, id=8420, stack(0x000000a151a00000,0x000000a151b00000)]

Other Threads:
  0x000001f923aa9800 VMThread "VM Thread" [stack: 0x000000a14fa00000,0x000000a14fb00000] [id=3128]
  0x000001f924d33800 WatcherThread [stack: 0x000000a150600000,0x000000a150700000] [id=7156]
  0x000001f97ac36800 GCTaskThread "GC Thread#0" [stack: 0x000000a14f500000,0x000000a14f600000] [id=3032]
  0x000001f925434000 GCTaskThread "GC Thread#1" [stack: 0x000000a150700000,0x000000a150800000] [id=5888]
  0x000001f925331800 GCTaskThread "GC Thread#2" [stack: 0x000000a150800000,0x000000a150900000] [id=11116]
  0x000001f924bba800 GCTaskThread "GC Thread#3" [stack: 0x000000a150900000,0x000000a150a00000] [id=6208]
  0x000001f97ac92800 ConcurrentGCThread "G1 Main Marker" [stack: 0x000000a14f600000,0x000000a14f700000] [id=12012]
  0x000001f97ac94000 ConcurrentGCThread "G1 Conc#0" [stack: 0x000000a14f700000,0x000000a14f800000] [id=5496]
  0x000001f923984800 ConcurrentGCThread "G1 Refine#0" [stack: 0x000000a14f800000,0x000000a14f900000] [id=11868]
  0x000001f923985800 ConcurrentGCThread "G1 Young RemSet Sampling" [stack: 0x000000a14f900000,0x000000a14fa00000] [id=2296]

Threads with active compile tasks:
C2 CompilerThread0  10775 6392   !   4       jdk.internal.loader.BuiltinClassLoader::findClassOnClassPathOrNull (64 bytes)
C2 CompilerThread1  10775 6568       4       jdk.internal.loader.BuiltinClassLoader::getAndVerifyPackage (109 bytes)

VM state:not at safepoint (normal execution)

VM Mutex/Monitor currently owned by a thread: None

Heap address: 0x0000000701a00000, size: 4070 MB, Compressed Oops mode: Zero based, Oop shift amount: 3
Narrow klass base: 0x0000000800000000, Narrow klass shift: 0
Compressed class space size: 1073741824 Address: 0x0000000800000000

Heap:
 garbage-first heap   total 382976K, used 170818K [0x0000000701a00000, 0x0000000800000000)
  region size 1024K, 140 young (143360K), 8 survivors (8192K)
 Metaspace       used 72314K, capacity 73573K, committed 73876K, reserved 1114112K
  class space    used 9046K, capacity 9551K, committed 9676K, reserved 1048576K
Heap Regions: E=young(eden), S=young(survivor), O=old, HS=humongous(starts), HC=humongous(continues), CS=collection set, F=free, A=archive, TAMS=top-at-mark-start (previous, next)
|   0|0x0000000701a00000, 0x0000000701b00000, 0x0000000701b00000|100%|HS|  |TAMS 0x0000000701b00000, 0x0000000701a00000| Complete 
|   1|0x0000000701b00000, 0x0000000701c00000, 0x0000000701c00000|100%|HS|  |TAMS 0x0000000701c00000, 0x0000000701b00000| Complete 
|   2|0x0000000701c00000, 0x0000000701d00000, 0x0000000701d00000|100%|HS|  |TAMS 0x0000000701d00000, 0x0000000701c00000| Complete 
|   3|0x0000000701d00000, 0x0000000701e00000, 0x0000000701e00000|100%| O|  |TAMS 0x0000000701e00000, 0x0000000701d00000| Untracked 
|   4|0x0000000701e00000, 0x0000000701f00000, 0x0000000701f00000|100%| O|  |TAMS 0x0000000701f00000, 0x0000000701e00000| Untracked 
|   5|0x0000000701f00000, 0x0000000702000000, 0x0000000702000000|100%| O|  |TAMS 0x0000000702000000, 0x0000000701f00000| Untracked 
|   6|0x0000000702000000, 0x0000000702100000, 0x0000000702100000|100%| O|  |TAMS 0x0000000702100000, 0x0000000702000000| Untracked 
|   7|0x0000000702100000, 0x0000000702200000, 0x0000000702200000|100%| O|  |TAMS 0x0000000702200000, 0x0000000702100000| Untracked 
|   8|0x0000000702200000, 0x0000000702300000, 0x0000000702300000|100%| O|  |TAMS 0x0000000702300000, 0x0000000702200000| Untracked 
|   9|0x0000000702300000, 0x0000000702400000, 0x0000000702400000|100%| O|  |TAMS 0x0000000702400000, 0x0000000702300000| Untracked 
|  10|0x0000000702400000, 0x0000000702500000, 0x0000000702500000|100%| O|  |TAMS 0x0000000702500000, 0x0000000702400000| Untracked 
|  11|0x0000000702500000, 0x0000000702600000, 0x0000000702600000|100%| O|  |TAMS 0x0000000702600000, 0x0000000702500000| Untracked 
|  12|0x0000000702600000, 0x0000000702700000, 0x0000000702700000|100%| O|  |TAMS 0x0000000702700000, 0x0000000702600000| Untracked 
|  13|0x0000000702700000, 0x0000000702800000, 0x0000000702800000|100%| O|  |TAMS 0x0000000702800000, 0x0000000702700000| Untracked 
|  14|0x0000000702800000, 0x0000000702900000, 0x0000000702900000|100%| O|  |TAMS 0x0000000702900000, 0x0000000702800000| Untracked 
|  15|0x0000000702900000, 0x0000000702a00000, 0x0000000702a00000|100%| O|  |TAMS 0x0000000702a00000, 0x0000000702900000| Untracked 
|  16|0x0000000702a00000, 0x0000000702b00000, 0x0000000702b00000|100%| O|  |TAMS 0x0000000702b00000, 0x0000000702a00000| Untracked 
|  17|0x0000000702b00000, 0x0000000702c00000, 0x0000000702c00000|100%| O|  |TAMS 0x0000000702c00000, 0x0000000702b00000| Untracked 
|  18|0x0000000702c00000, 0x0000000702d00000, 0x0000000702d00000|100%| O|  |TAMS 0x0000000702d00000, 0x0000000702c00000| Untracked 
|  19|0x0000000702d00000, 0x0000000702e00000, 0x0000000702e00000|100%| O|  |TAMS 0x0000000702e00000, 0x0000000702d00000| Untracked 
|  20|0x0000000702e00000, 0x0000000702f00000, 0x0000000702f00000|100%| O|  |TAMS 0x0000000702f00000, 0x0000000702e00000| Untracked 
|  21|0x0000000702f00000, 0x0000000703000000, 0x0000000703000000|100%| O|  |TAMS 0x0000000703000000, 0x0000000702f00000| Untracked 
|  22|0x0000000703000000, 0x0000000703100000, 0x0000000703100000|100%| O|  |TAMS 0x0000000703100000, 0x0000000703000000| Untracked 
|  23|0x0000000703100000, 0x0000000703200000, 0x0000000703200000|100%| O|  |TAMS 0x0000000703200000, 0x0000000703100000| Untracked 
|  24|0x0000000703200000, 0x0000000703300000, 0x0000000703300000|100%| O|  |TAMS 0x0000000703300000, 0x0000000703200000| Untracked 
|  25|0x0000000703300000, 0x0000000703400000, 0x0000000703400000|100%| O|  |TAMS 0x0000000703400000, 0x0000000703300000| Untracked 
|  26|0x0000000703400000, 0x0000000703500000, 0x0000000703500000|100%| O|  |TAMS 0x0000000703500000, 0x0000000703400000| Untracked 
|  27|0x0000000703500000, 0x00000007035d0800, 0x0000000703600000| 81%| O|  |TAMS 0x00000007035d0800, 0x0000000703500000| Untracked 
|  28|0x0000000703600000, 0x0000000703600000, 0x0000000703700000|  0%| F|  |TAMS 0x0000000703600000, 0x0000000703600000| Untracked 
|  29|0x0000000703700000, 0x0000000703700000, 0x0000000703800000|  0%| F|  |TAMS 0x0000000703700000, 0x0000000703700000| Untracked 
|  30|0x0000000703800000, 0x0000000703800000, 0x0000000703900000|  0%| F|  |TAMS 0x0000000703800000, 0x0000000703800000| Untracked 
|  31|0x0000000703900000, 0x0000000703900000, 0x0000000703a00000|  0%| F|  |TAMS 0x0000000703900000, 0x0000000703900000| Untracked 
|  32|0x0000000703a00000, 0x0000000703a00000, 0x0000000703b00000|  0%| F|  |TAMS 0x0000000703a00000, 0x0000000703a00000| Untracked 
|  33|0x0000000703b00000, 0x0000000703b00000, 0x0000000703c00000|  0%| F|  |TAMS 0x0000000703b00000, 0x0000000703b00000| Untracked 
|  34|0x0000000703c00000, 0x0000000703c00000, 0x0000000703d00000|  0%| F|  |TAMS 0x0000000703c00000, 0x0000000703c00000| Untracked 
|  35|0x0000000703d00000, 0x0000000703d00000, 0x0000000703e00000|  0%| F|  |TAMS 0x0000000703d00000, 0x0000000703d00000| Untracked 
|  36|0x0000000703e00000, 0x0000000703e00000, 0x0000000703f00000|  0%| F|  |TAMS 0x0000000703e00000, 0x0000000703e00000| Untracked 
|  37|0x0000000703f00000, 0x0000000703f00000, 0x0000000704000000|  0%| F|  |TAMS 0x0000000703f00000, 0x0000000703f00000| Untracked 
|  38|0x0000000704000000, 0x0000000704000000, 0x0000000704100000|  0%| F|  |TAMS 0x0000000704000000, 0x0000000704000000| Untracked 
|  39|0x0000000704100000, 0x0000000704100000, 0x0000000704200000|  0%| F|  |TAMS 0x0000000704100000, 0x0000000704100000| Untracked 
|  40|0x0000000704200000, 0x0000000704200000, 0x0000000704300000|  0%| F|  |TAMS 0x0000000704200000, 0x0000000704200000| Untracked 
|  41|0x0000000704300000, 0x0000000704300000, 0x0000000704400000|  0%| F|  |TAMS 0x0000000704300000, 0x0000000704300000| Untracked 
|  42|0x0000000704400000, 0x0000000704400000, 0x0000000704500000|  0%| F|  |TAMS 0x0000000704400000, 0x0000000704400000| Untracked 
|  43|0x0000000704500000, 0x0000000704500000, 0x0000000704600000|  0%| F|  |TAMS 0x0000000704500000, 0x0000000704500000| Untracked 
|  44|0x0000000704600000, 0x0000000704600000, 0x0000000704700000|  0%| F|  |TAMS 0x0000000704600000, 0x0000000704600000| Untracked 
|  45|0x0000000704700000, 0x0000000704700000, 0x0000000704800000|  0%| F|  |TAMS 0x0000000704700000, 0x0000000704700000| Untracked 
|  46|0x0000000704800000, 0x0000000704800000, 0x0000000704900000|  0%| F|  |TAMS 0x0000000704800000, 0x0000000704800000| Untracked 
|  47|0x0000000704900000, 0x0000000704900000, 0x0000000704a00000|  0%| F|  |TAMS 0x0000000704900000, 0x0000000704900000| Untracked 
|  48|0x0000000704a00000, 0x0000000704a00000, 0x0000000704b00000|  0%| F|  |TAMS 0x0000000704a00000, 0x0000000704a00000| Untracked 
|  49|0x0000000704b00000, 0x0000000704b00000, 0x0000000704c00000|  0%| F|  |TAMS 0x0000000704b00000, 0x0000000704b00000| Untracked 
|  50|0x0000000704c00000, 0x0000000704c00000, 0x0000000704d00000|  0%| F|  |TAMS 0x0000000704c00000, 0x0000000704c00000| Untracked 
|  51|0x0000000704d00000, 0x0000000704d00000, 0x0000000704e00000|  0%| F|  |TAMS 0x0000000704d00000, 0x0000000704d00000| Untracked 
|  52|0x0000000704e00000, 0x0000000704e00000, 0x0000000704f00000|  0%| F|  |TAMS 0x0000000704e00000, 0x0000000704e00000| Untracked 
|  53|0x0000000704f00000, 0x0000000704f00000, 0x0000000705000000|  0%| F|  |TAMS 0x0000000704f00000, 0x0000000704f00000| Untracked 
|  54|0x0000000705000000, 0x0000000705000000, 0x0000000705100000|  0%| F|  |TAMS 0x0000000705000000, 0x0000000705000000| Untracked 
|  55|0x0000000705100000, 0x0000000705100000, 0x0000000705200000|  0%| F|  |TAMS 0x0000000705100000, 0x0000000705100000| Untracked 
|  56|0x0000000705200000, 0x0000000705200000, 0x0000000705300000|  0%| F|  |TAMS 0x0000000705200000, 0x0000000705200000| Untracked 
|  57|0x0000000705300000, 0x0000000705300000, 0x0000000705400000|  0%| F|  |TAMS 0x0000000705300000, 0x0000000705300000| Untracked 
|  58|0x0000000705400000, 0x0000000705400000, 0x0000000705500000|  0%| F|  |TAMS 0x0000000705400000, 0x0000000705400000| Untracked 
|  59|0x0000000705500000, 0x0000000705500000, 0x0000000705600000|  0%| F|  |TAMS 0x0000000705500000, 0x0000000705500000| Untracked 
|  60|0x0000000705600000, 0x0000000705600000, 0x0000000705700000|  0%| F|  |TAMS 0x0000000705600000, 0x0000000705600000| Untracked 
|  61|0x0000000705700000, 0x0000000705700000, 0x0000000705800000|  0%| F|  |TAMS 0x0000000705700000, 0x0000000705700000| Untracked 
|  62|0x0000000705800000, 0x0000000705800000, 0x0000000705900000|  0%| F|  |TAMS 0x0000000705800000, 0x0000000705800000| Untracked 
|  63|0x0000000705900000, 0x0000000705900000, 0x0000000705a00000|  0%| F|  |TAMS 0x0000000705900000, 0x0000000705900000| Untracked 
|  64|0x0000000705a00000, 0x0000000705a00000, 0x0000000705b00000|  0%| F|  |TAMS 0x0000000705a00000, 0x0000000705a00000| Untracked 
|  65|0x0000000705b00000, 0x0000000705b00000, 0x0000000705c00000|  0%| F|  |TAMS 0x0000000705b00000, 0x0000000705b00000| Untracked 
|  66|0x0000000705c00000, 0x0000000705c00000, 0x0000000705d00000|  0%| F|  |TAMS 0x0000000705c00000, 0x0000000705c00000| Untracked 
|  67|0x0000000705d00000, 0x0000000705d00000, 0x0000000705e00000|  0%| F|  |TAMS 0x0000000705d00000, 0x0000000705d00000| Untracked 
|  68|0x0000000705e00000, 0x0000000705e00000, 0x0000000705f00000|  0%| F|  |TAMS 0x0000000705e00000, 0x0000000705e00000| Untracked 
|  69|0x0000000705f00000, 0x0000000705f00000, 0x0000000706000000|  0%| F|  |TAMS 0x0000000705f00000, 0x0000000705f00000| Untracked 
|  70|0x0000000706000000, 0x0000000706000000, 0x0000000706100000|  0%| F|  |TAMS 0x0000000706000000, 0x0000000706000000| Untracked 
|  71|0x0000000706100000, 0x0000000706100000, 0x0000000706200000|  0%| F|  |TAMS 0x0000000706100000, 0x0000000706100000| Untracked 
|  72|0x0000000706200000, 0x0000000706200000, 0x0000000706300000|  0%| F|  |TAMS 0x0000000706200000, 0x0000000706200000| Untracked 
|  73|0x0000000706300000, 0x0000000706300000, 0x0000000706400000|  0%| F|  |TAMS 0x0000000706300000, 0x0000000706300000| Untracked 
|  74|0x0000000706400000, 0x0000000706400000, 0x0000000706500000|  0%| F|  |TAMS 0x0000000706400000, 0x0000000706400000| Untracked 
|  75|0x0000000706500000, 0x0000000706500000, 0x0000000706600000|  0%| F|  |TAMS 0x0000000706500000, 0x0000000706500000| Untracked 
|  76|0x0000000706600000, 0x0000000706600000, 0x0000000706700000|  0%| F|  |TAMS 0x0000000706600000, 0x0000000706600000| Untracked 
|  77|0x0000000706700000, 0x0000000706700000, 0x0000000706800000|  0%| F|  |TAMS 0x0000000706700000, 0x0000000706700000| Untracked 
|  78|0x0000000706800000, 0x0000000706800000, 0x0000000706900000|  0%| F|  |TAMS 0x0000000706800000, 0x0000000706800000| Untracked 
|  79|0x0000000706900000, 0x0000000706900000, 0x0000000706a00000|  0%| F|  |TAMS 0x0000000706900000, 0x0000000706900000| Untracked 
|  80|0x0000000706a00000, 0x0000000706a00000, 0x0000000706b00000|  0%| F|  |TAMS 0x0000000706a00000, 0x0000000706a00000| Untracked 
|  81|0x0000000706b00000, 0x0000000706b00000, 0x0000000706c00000|  0%| F|  |TAMS 0x0000000706b00000, 0x0000000706b00000| Untracked 
|  82|0x0000000706c00000, 0x0000000706c00000, 0x0000000706d00000|  0%| F|  |TAMS 0x0000000706c00000, 0x0000000706c00000| Untracked 
|  83|0x0000000706d00000, 0x0000000706d00000, 0x0000000706e00000|  0%| F|  |TAMS 0x0000000706d00000, 0x0000000706d00000| Untracked 
|  84|0x0000000706e00000, 0x0000000706e00000, 0x0000000706f00000|  0%| F|  |TAMS 0x0000000706e00000, 0x0000000706e00000| Untracked 
|  85|0x0000000706f00000, 0x0000000706f00000, 0x0000000707000000|  0%| F|  |TAMS 0x0000000706f00000, 0x0000000706f00000| Untracked 
|  86|0x0000000707000000, 0x0000000707000000, 0x0000000707100000|  0%| F|  |TAMS 0x0000000707000000, 0x0000000707000000| Untracked 
|  87|0x0000000707100000, 0x0000000707100000, 0x0000000707200000|  0%| F|  |TAMS 0x0000000707100000, 0x0000000707100000| Untracked 
|  88|0x0000000707200000, 0x0000000707200000, 0x0000000707300000|  0%| F|  |TAMS 0x0000000707200000, 0x0000000707200000| Untracked 
|  89|0x0000000707300000, 0x0000000707300000, 0x0000000707400000|  0%| F|  |TAMS 0x0000000707300000, 0x0000000707300000| Untracked 
|  90|0x0000000707400000, 0x0000000707400000, 0x0000000707500000|  0%| F|  |TAMS 0x0000000707400000, 0x0000000707400000| Untracked 
|  91|0x0000000707500000, 0x0000000707500000, 0x0000000707600000|  0%| F|  |TAMS 0x0000000707500000, 0x0000000707500000| Untracked 
|  92|0x0000000707600000, 0x0000000707600000, 0x0000000707700000|  0%| F|  |TAMS 0x0000000707600000, 0x0000000707600000| Untracked 
|  93|0x0000000707700000, 0x0000000707700000, 0x0000000707800000|  0%| F|  |TAMS 0x0000000707700000, 0x0000000707700000| Untracked 
|  94|0x0000000707800000, 0x0000000707800000, 0x0000000707900000|  0%| F|  |TAMS 0x0000000707800000, 0x0000000707800000| Untracked 
|  95|0x0000000707900000, 0x0000000707900000, 0x0000000707a00000|  0%| F|  |TAMS 0x0000000707900000, 0x0000000707900000| Untracked 
|  96|0x0000000707a00000, 0x0000000707a00000, 0x0000000707b00000|  0%| F|  |TAMS 0x0000000707a00000, 0x0000000707a00000| Untracked 
|  97|0x0000000707b00000, 0x0000000707b00000, 0x0000000707c00000|  0%| F|  |TAMS 0x0000000707b00000, 0x0000000707b00000| Untracked 
|  98|0x0000000707c00000, 0x0000000707c00000, 0x0000000707d00000|  0%| F|  |TAMS 0x0000000707c00000, 0x0000000707c00000| Untracked 
|  99|0x0000000707d00000, 0x0000000707d00000, 0x0000000707e00000|  0%| F|  |TAMS 0x0000000707d00000, 0x0000000707d00000| Untracked 
| 100|0x0000000707e00000, 0x0000000707e00000, 0x0000000707f00000|  0%| F|  |TAMS 0x0000000707e00000, 0x0000000707e00000| Untracked 
| 101|0x0000000707f00000, 0x0000000707f00000, 0x0000000708000000|  0%| F|  |TAMS 0x0000000707f00000, 0x0000000707f00000| Untracked 
| 102|0x0000000708000000, 0x0000000708000000, 0x0000000708100000|  0%| F|  |TAMS 0x0000000708000000, 0x0000000708000000| Untracked 
| 103|0x0000000708100000, 0x0000000708100000, 0x0000000708200000|  0%| F|  |TAMS 0x0000000708100000, 0x0000000708100000| Untracked 
| 104|0x0000000708200000, 0x0000000708200000, 0x0000000708300000|  0%| F|  |TAMS 0x0000000708200000, 0x0000000708200000| Untracked 
| 105|0x0000000708300000, 0x0000000708300000, 0x0000000708400000|  0%| F|  |TAMS 0x0000000708300000, 0x0000000708300000| Untracked 
| 106|0x0000000708400000, 0x0000000708400000, 0x0000000708500000|  0%| F|  |TAMS 0x0000000708400000, 0x0000000708400000| Untracked 
| 107|0x0000000708500000, 0x0000000708500000, 0x0000000708600000|  0%| F|  |TAMS 0x0000000708500000, 0x0000000708500000| Untracked 
| 108|0x0000000708600000, 0x0000000708600000, 0x0000000708700000|  0%| F|  |TAMS 0x0000000708600000, 0x0000000708600000| Untracked 
| 109|0x0000000708700000, 0x0000000708700000, 0x0000000708800000|  0%| F|  |TAMS 0x0000000708700000, 0x0000000708700000| Untracked 
| 110|0x0000000708800000, 0x0000000708800000, 0x0000000708900000|  0%| F|  |TAMS 0x0000000708800000, 0x0000000708800000| Untracked 
| 111|0x0000000708900000, 0x0000000708900000, 0x0000000708a00000|  0%| F|  |TAMS 0x0000000708900000, 0x0000000708900000| Untracked 
| 112|0x0000000708a00000, 0x0000000708a00000, 0x0000000708b00000|  0%| F|  |TAMS 0x0000000708a00000, 0x0000000708a00000| Untracked 
| 113|0x0000000708b00000, 0x0000000708b00000, 0x0000000708c00000|  0%| F|  |TAMS 0x0000000708b00000, 0x0000000708b00000| Untracked 
| 114|0x0000000708c00000, 0x0000000708c00000, 0x0000000708d00000|  0%| F|  |TAMS 0x0000000708c00000, 0x0000000708c00000| Untracked 
| 115|0x0000000708d00000, 0x0000000708d00000, 0x0000000708e00000|  0%| F|  |TAMS 0x0000000708d00000, 0x0000000708d00000| Untracked 
| 116|0x0000000708e00000, 0x0000000708e00000, 0x0000000708f00000|  0%| F|  |TAMS 0x0000000708e00000, 0x0000000708e00000| Untracked 
| 117|0x0000000708f00000, 0x0000000708f00000, 0x0000000709000000|  0%| F|  |TAMS 0x0000000708f00000, 0x0000000708f00000| Untracked 
| 118|0x0000000709000000, 0x0000000709000000, 0x0000000709100000|  0%| F|  |TAMS 0x0000000709000000, 0x0000000709000000| Untracked 
| 119|0x0000000709100000, 0x0000000709100000, 0x0000000709200000|  0%| F|  |TAMS 0x0000000709100000, 0x0000000709100000| Untracked 
| 120|0x0000000709200000, 0x0000000709200000, 0x0000000709300000|  0%| F|  |TAMS 0x0000000709200000, 0x0000000709200000| Untracked 
| 121|0x0000000709300000, 0x0000000709300000, 0x0000000709400000|  0%| F|  |TAMS 0x0000000709300000, 0x0000000709300000| Untracked 
| 122|0x0000000709400000, 0x0000000709400000, 0x0000000709500000|  0%| F|  |TAMS 0x0000000709400000, 0x0000000709400000| Untracked 
| 123|0x0000000709500000, 0x0000000709500000, 0x0000000709600000|  0%| F|  |TAMS 0x0000000709500000, 0x0000000709500000| Untracked 
| 124|0x0000000709600000, 0x0000000709600000, 0x0000000709700000|  0%| F|  |TAMS 0x0000000709600000, 0x0000000709600000| Untracked 
| 125|0x0000000709700000, 0x0000000709700000, 0x0000000709800000|  0%| F|  |TAMS 0x0000000709700000, 0x0000000709700000| Untracked 
| 126|0x0000000709800000, 0x0000000709800000, 0x0000000709900000|  0%| F|  |TAMS 0x0000000709800000, 0x0000000709800000| Untracked 
| 127|0x0000000709900000, 0x0000000709900000, 0x0000000709a00000|  0%| F|  |TAMS 0x0000000709900000, 0x0000000709900000| Untracked 
| 128|0x0000000709a00000, 0x0000000709a00000, 0x0000000709b00000|  0%| F|  |TAMS 0x0000000709a00000, 0x0000000709a00000| Untracked 
| 129|0x0000000709b00000, 0x0000000709b00000, 0x0000000709c00000|  0%| F|  |TAMS 0x0000000709b00000, 0x0000000709b00000| Untracked 
| 130|0x0000000709c00000, 0x0000000709c00000, 0x0000000709d00000|  0%| F|  |TAMS 0x0000000709c00000, 0x0000000709c00000| Untracked 
| 131|0x0000000709d00000, 0x0000000709d00000, 0x0000000709e00000|  0%| F|  |TAMS 0x0000000709d00000, 0x0000000709d00000| Untracked 
| 132|0x0000000709e00000, 0x0000000709e00000, 0x0000000709f00000|  0%| F|  |TAMS 0x0000000709e00000, 0x0000000709e00000| Untracked 
| 133|0x0000000709f00000, 0x0000000709f00000, 0x000000070a000000|  0%| F|  |TAMS 0x0000000709f00000, 0x0000000709f00000| Untracked 
| 134|0x000000070a000000, 0x000000070a000000, 0x000000070a100000|  0%| F|  |TAMS 0x000000070a000000, 0x000000070a000000| Untracked 
| 135|0x000000070a100000, 0x000000070a100000, 0x000000070a200000|  0%| F|  |TAMS 0x000000070a100000, 0x000000070a100000| Untracked 
| 136|0x000000070a200000, 0x000000070a200000, 0x000000070a300000|  0%| F|  |TAMS 0x000000070a200000, 0x000000070a200000| Untracked 
| 137|0x000000070a300000, 0x000000070a300000, 0x000000070a400000|  0%| F|  |TAMS 0x000000070a300000, 0x000000070a300000| Untracked 
| 138|0x000000070a400000, 0x000000070a400000, 0x000000070a500000|  0%| F|  |TAMS 0x000000070a400000, 0x000000070a400000| Untracked 
| 139|0x000000070a500000, 0x000000070a500000, 0x000000070a600000|  0%| F|  |TAMS 0x000000070a500000, 0x000000070a500000| Untracked 
| 140|0x000000070a600000, 0x000000070a600000, 0x000000070a700000|  0%| F|  |TAMS 0x000000070a600000, 0x000000070a600000| Untracked 
| 141|0x000000070a700000, 0x000000070a700000, 0x000000070a800000|  0%| F|  |TAMS 0x000000070a700000, 0x000000070a700000| Untracked 
| 142|0x000000070a800000, 0x000000070a800000, 0x000000070a900000|  0%| F|  |TAMS 0x000000070a800000, 0x000000070a800000| Untracked 
| 143|0x000000070a900000, 0x000000070a900000, 0x000000070aa00000|  0%| F|  |TAMS 0x000000070a900000, 0x000000070a900000| Untracked 
| 144|0x000000070aa00000, 0x000000070aa00000, 0x000000070ab00000|  0%| F|  |TAMS 0x000000070aa00000, 0x000000070aa00000| Untracked 
| 145|0x000000070ab00000, 0x000000070ab00000, 0x000000070ac00000|  0%| F|  |TAMS 0x000000070ab00000, 0x000000070ab00000| Untracked 
| 146|0x000000070ac00000, 0x000000070ac00000, 0x000000070ad00000|  0%| F|  |TAMS 0x000000070ac00000, 0x000000070ac00000| Untracked 
| 147|0x000000070ad00000, 0x000000070ad00000, 0x000000070ae00000|  0%| F|  |TAMS 0x000000070ad00000, 0x000000070ad00000| Untracked 
| 148|0x000000070ae00000, 0x000000070ae00000, 0x000000070af00000|  0%| F|  |TAMS 0x000000070ae00000, 0x000000070ae00000| Untracked 
| 149|0x000000070af00000, 0x000000070af00000, 0x000000070b000000|  0%| F|  |TAMS 0x000000070af00000, 0x000000070af00000| Untracked 
| 150|0x000000070b000000, 0x000000070b000000, 0x000000070b100000|  0%| F|  |TAMS 0x000000070b000000, 0x000000070b000000| Untracked 
| 151|0x000000070b100000, 0x000000070b100000, 0x000000070b200000|  0%| F|  |TAMS 0x000000070b100000, 0x000000070b100000| Untracked 
| 152|0x000000070b200000, 0x000000070b200000, 0x000000070b300000|  0%| F|  |TAMS 0x000000070b200000, 0x000000070b200000| Untracked 
| 153|0x000000070b300000, 0x000000070b300000, 0x000000070b400000|  0%| F|  |TAMS 0x000000070b300000, 0x000000070b300000| Untracked 
| 154|0x000000070b400000, 0x000000070b400000, 0x000000070b500000|  0%| F|  |TAMS 0x000000070b400000, 0x000000070b400000| Untracked 
| 155|0x000000070b500000, 0x000000070b500000, 0x000000070b600000|  0%| F|  |TAMS 0x000000070b500000, 0x000000070b500000| Untracked 
| 156|0x000000070b600000, 0x000000070b600000, 0x000000070b700000|  0%| F|  |TAMS 0x000000070b600000, 0x000000070b600000| Untracked 
| 157|0x000000070b700000, 0x000000070b700000, 0x000000070b800000|  0%| F|  |TAMS 0x000000070b700000, 0x000000070b700000| Untracked 
| 158|0x000000070b800000, 0x000000070b800000, 0x000000070b900000|  0%| F|  |TAMS 0x000000070b800000, 0x000000070b800000| Untracked 
| 159|0x000000070b900000, 0x000000070b900000, 0x000000070ba00000|  0%| F|  |TAMS 0x000000070b900000, 0x000000070b900000| Untracked 
| 160|0x000000070ba00000, 0x000000070ba00000, 0x000000070bb00000|  0%| F|  |TAMS 0x000000070ba00000, 0x000000070ba00000| Untracked 
| 161|0x000000070bb00000, 0x000000070bb00000, 0x000000070bc00000|  0%| F|  |TAMS 0x000000070bb00000, 0x000000070bb00000| Untracked 
| 162|0x000000070bc00000, 0x000000070bc00000, 0x000000070bd00000|  0%| F|  |TAMS 0x000000070bc00000, 0x000000070bc00000| Untracked 
| 163|0x000000070bd00000, 0x000000070bd00000, 0x000000070be00000|  0%| F|  |TAMS 0x000000070bd00000, 0x000000070bd00000| Untracked 
| 164|0x000000070be00000, 0x000000070be00000, 0x000000070bf00000|  0%| F|  |TAMS 0x000000070be00000, 0x000000070be00000| Untracked 
| 165|0x000000070bf00000, 0x000000070bf00000, 0x000000070c000000|  0%| F|  |TAMS 0x000000070bf00000, 0x000000070bf00000| Untracked 
| 166|0x000000070c000000, 0x000000070c000000, 0x000000070c100000|  0%| F|  |TAMS 0x000000070c000000, 0x000000070c000000| Untracked 
| 167|0x000000070c100000, 0x000000070c100000, 0x000000070c200000|  0%| F|  |TAMS 0x000000070c100000, 0x000000070c100000| Untracked 
| 168|0x000000070c200000, 0x000000070c200000, 0x000000070c300000|  0%| F|  |TAMS 0x000000070c200000, 0x000000070c200000| Untracked 
| 169|0x000000070c300000, 0x000000070c300000, 0x000000070c400000|  0%| F|  |TAMS 0x000000070c300000, 0x000000070c300000| Untracked 
| 170|0x000000070c400000, 0x000000070c400000, 0x000000070c500000|  0%| F|  |TAMS 0x000000070c400000, 0x000000070c400000| Untracked 
| 171|0x000000070c500000, 0x000000070c500000, 0x000000070c600000|  0%| F|  |TAMS 0x000000070c500000, 0x000000070c500000| Untracked 
| 172|0x000000070c600000, 0x000000070c600000, 0x000000070c700000|  0%| F|  |TAMS 0x000000070c600000, 0x000000070c600000| Untracked 
| 173|0x000000070c700000, 0x000000070c700000, 0x000000070c800000|  0%| F|  |TAMS 0x000000070c700000, 0x000000070c700000| Untracked 
| 174|0x000000070c800000, 0x000000070c800000, 0x000000070c900000|  0%| F|  |TAMS 0x000000070c800000, 0x000000070c800000| Untracked 
| 175|0x000000070c900000, 0x000000070c900000, 0x000000070ca00000|  0%| F|  |TAMS 0x000000070c900000, 0x000000070c900000| Untracked 
| 176|0x000000070ca00000, 0x000000070ca00000, 0x000000070cb00000|  0%| F|  |TAMS 0x000000070ca00000, 0x000000070ca00000| Untracked 
| 177|0x000000070cb00000, 0x000000070cb00000, 0x000000070cc00000|  0%| F|  |TAMS 0x000000070cb00000, 0x000000070cb00000| Untracked 
| 178|0x000000070cc00000, 0x000000070cc00000, 0x000000070cd00000|  0%| F|  |TAMS 0x000000070cc00000, 0x000000070cc00000| Untracked 
| 179|0x000000070cd00000, 0x000000070cd00000, 0x000000070ce00000|  0%| F|  |TAMS 0x000000070cd00000, 0x000000070cd00000| Untracked 
| 180|0x000000070ce00000, 0x000000070ce00000, 0x000000070cf00000|  0%| F|  |TAMS 0x000000070ce00000, 0x000000070ce00000| Untracked 
| 181|0x000000070cf00000, 0x000000070cf00000, 0x000000070d000000|  0%| F|  |TAMS 0x000000070cf00000, 0x000000070cf00000| Untracked 
| 182|0x000000070d000000, 0x000000070d000000, 0x000000070d100000|  0%| F|  |TAMS 0x000000070d000000, 0x000000070d000000| Untracked 
| 183|0x000000070d100000, 0x000000070d100000, 0x000000070d200000|  0%| F|  |TAMS 0x000000070d100000, 0x000000070d100000| Untracked 
| 184|0x000000070d200000, 0x000000070d200000, 0x000000070d300000|  0%| F|  |TAMS 0x000000070d200000, 0x000000070d200000| Untracked 
| 185|0x000000070d300000, 0x000000070d300000, 0x000000070d400000|  0%| F|  |TAMS 0x000000070d300000, 0x000000070d300000| Untracked 
| 186|0x000000070d400000, 0x000000070d400000, 0x000000070d500000|  0%| F|  |TAMS 0x000000070d400000, 0x000000070d400000| Untracked 
| 187|0x000000070d500000, 0x000000070d500000, 0x000000070d600000|  0%| F|  |TAMS 0x000000070d500000, 0x000000070d500000| Untracked 
| 188|0x000000070d600000, 0x000000070d600000, 0x000000070d700000|  0%| F|  |TAMS 0x000000070d600000, 0x000000070d600000| Untracked 
| 189|0x000000070d700000, 0x000000070d700000, 0x000000070d800000|  0%| F|  |TAMS 0x000000070d700000, 0x000000070d700000| Untracked 
| 190|0x000000070d800000, 0x000000070d800000, 0x000000070d900000|  0%| F|  |TAMS 0x000000070d800000, 0x000000070d800000| Untracked 
| 191|0x000000070d900000, 0x000000070d900000, 0x000000070da00000|  0%| F|  |TAMS 0x000000070d900000, 0x000000070d900000| Untracked 
| 192|0x000000070da00000, 0x000000070da00000, 0x000000070db00000|  0%| F|  |TAMS 0x000000070da00000, 0x000000070da00000| Untracked 
| 193|0x000000070db00000, 0x000000070db00000, 0x000000070dc00000|  0%| F|  |TAMS 0x000000070db00000, 0x000000070db00000| Untracked 
| 194|0x000000070dc00000, 0x000000070dc00000, 0x000000070dd00000|  0%| F|  |TAMS 0x000000070dc00000, 0x000000070dc00000| Untracked 
| 195|0x000000070dd00000, 0x000000070dd00000, 0x000000070de00000|  0%| F|  |TAMS 0x000000070dd00000, 0x000000070dd00000| Untracked 
| 196|0x000000070de00000, 0x000000070de00000, 0x000000070df00000|  0%| F|  |TAMS 0x000000070de00000, 0x000000070de00000| Untracked 
| 197|0x000000070df00000, 0x000000070df00000, 0x000000070e000000|  0%| F|  |TAMS 0x000000070df00000, 0x000000070df00000| Untracked 
| 198|0x000000070e000000, 0x000000070e000000, 0x000000070e100000|  0%| F|  |TAMS 0x000000070e000000, 0x000000070e000000| Untracked 
| 199|0x000000070e100000, 0x000000070e100000, 0x000000070e200000|  0%| F|  |TAMS 0x000000070e100000, 0x000000070e100000| Untracked 
| 200|0x000000070e200000, 0x000000070e200000, 0x000000070e300000|  0%| F|  |TAMS 0x000000070e200000, 0x000000070e200000| Untracked 
| 201|0x000000070e300000, 0x000000070e300000, 0x000000070e400000|  0%| F|  |TAMS 0x000000070e300000, 0x000000070e300000| Untracked 
| 202|0x000000070e400000, 0x000000070e400000, 0x000000070e500000|  0%| F|  |TAMS 0x000000070e400000, 0x000000070e400000| Untracked 
| 203|0x000000070e500000, 0x000000070e500000, 0x000000070e600000|  0%| F|  |TAMS 0x000000070e500000, 0x000000070e500000| Untracked 
| 204|0x000000070e600000, 0x000000070e600000, 0x000000070e700000|  0%| F|  |TAMS 0x000000070e600000, 0x000000070e600000| Untracked 
| 205|0x000000070e700000, 0x000000070e700000, 0x000000070e800000|  0%| F|  |TAMS 0x000000070e700000, 0x000000070e700000| Untracked 
| 206|0x000000070e800000, 0x000000070e800000, 0x000000070e900000|  0%| F|  |TAMS 0x000000070e800000, 0x000000070e800000| Untracked 
| 207|0x000000070e900000, 0x000000070e900000, 0x000000070ea00000|  0%| F|  |TAMS 0x000000070e900000, 0x000000070e900000| Untracked 
| 208|0x000000070ea00000, 0x000000070ea00000, 0x000000070eb00000|  0%| F|  |TAMS 0x000000070ea00000, 0x000000070ea00000| Untracked 
| 209|0x000000070eb00000, 0x000000070eb00000, 0x000000070ec00000|  0%| F|  |TAMS 0x000000070eb00000, 0x000000070eb00000| Untracked 
| 210|0x000000070ec00000, 0x000000070ec00000, 0x000000070ed00000|  0%| F|  |TAMS 0x000000070ec00000, 0x000000070ec00000| Untracked 
| 211|0x000000070ed00000, 0x000000070ed00000, 0x000000070ee00000|  0%| F|  |TAMS 0x000000070ed00000, 0x000000070ed00000| Untracked 
| 212|0x000000070ee00000, 0x000000070ee00000, 0x000000070ef00000|  0%| F|  |TAMS 0x000000070ee00000, 0x000000070ee00000| Untracked 
| 213|0x000000070ef00000, 0x000000070ef00000, 0x000000070f000000|  0%| F|  |TAMS 0x000000070ef00000, 0x000000070ef00000| Untracked 
| 214|0x000000070f000000, 0x000000070f000000, 0x000000070f100000|  0%| F|  |TAMS 0x000000070f000000, 0x000000070f000000| Untracked 
| 215|0x000000070f100000, 0x000000070f100000, 0x000000070f200000|  0%| F|  |TAMS 0x000000070f100000, 0x000000070f100000| Untracked 
| 216|0x000000070f200000, 0x000000070f300000, 0x000000070f300000|100%| S|CS|TAMS 0x000000070f200000, 0x000000070f200000| Complete 
| 217|0x000000070f300000, 0x000000070f400000, 0x000000070f400000|100%| S|CS|TAMS 0x000000070f300000, 0x000000070f300000| Complete 
| 218|0x000000070f400000, 0x000000070f500000, 0x000000070f500000|100%| S|CS|TAMS 0x000000070f400000, 0x000000070f400000| Complete 
| 219|0x000000070f500000, 0x000000070f600000, 0x000000070f600000|100%| S|CS|TAMS 0x000000070f500000, 0x000000070f500000| Complete 
| 220|0x000000070f600000, 0x000000070f700000, 0x000000070f700000|100%| S|CS|TAMS 0x000000070f600000, 0x000000070f600000| Complete 
| 221|0x000000070f700000, 0x000000070f800000, 0x000000070f800000|100%| S|CS|TAMS 0x000000070f700000, 0x000000070f700000| Complete 
| 222|0x000000070f800000, 0x000000070f900000, 0x000000070f900000|100%| S|CS|TAMS 0x000000070f800000, 0x000000070f800000| Complete 
| 223|0x000000070f900000, 0x000000070fa00000, 0x000000070fa00000|100%| S|CS|TAMS 0x000000070f900000, 0x000000070f900000| Complete 
| 224|0x000000070fa00000, 0x000000070fa00000, 0x000000070fb00000|  0%| F|  |TAMS 0x000000070fa00000, 0x000000070fa00000| Untracked 
| 225|0x000000070fb00000, 0x000000070fb00000, 0x000000070fc00000|  0%| F|  |TAMS 0x000000070fb00000, 0x000000070fb00000| Untracked 
| 226|0x000000070fc00000, 0x000000070fc00000, 0x000000070fd00000|  0%| F|  |TAMS 0x000000070fc00000, 0x000000070fc00000| Untracked 
| 227|0x000000070fd00000, 0x000000070fd00000, 0x000000070fe00000|  0%| F|  |TAMS 0x000000070fd00000, 0x000000070fd00000| Untracked 
| 228|0x000000070fe00000, 0x000000070fe00000, 0x000000070ff00000|  0%| F|  |TAMS 0x000000070fe00000, 0x000000070fe00000| Untracked 
| 229|0x000000070ff00000, 0x000000070ff00000, 0x0000000710000000|  0%| F|  |TAMS 0x000000070ff00000, 0x000000070ff00000| Untracked 
| 230|0x0000000710000000, 0x0000000710000000, 0x0000000710100000|  0%| F|  |TAMS 0x0000000710000000, 0x0000000710000000| Untracked 
| 231|0x0000000710100000, 0x0000000710100000, 0x0000000710200000|  0%| F|  |TAMS 0x0000000710100000, 0x0000000710100000| Untracked 
| 232|0x0000000710200000, 0x0000000710200000, 0x0000000710300000|  0%| F|  |TAMS 0x0000000710200000, 0x0000000710200000| Untracked 
| 233|0x0000000710300000, 0x0000000710300000, 0x0000000710400000|  0%| F|  |TAMS 0x0000000710300000, 0x0000000710300000| Untracked 
| 234|0x0000000710400000, 0x0000000710400000, 0x0000000710500000|  0%| F|  |TAMS 0x0000000710400000, 0x0000000710400000| Untracked 
| 235|0x0000000710500000, 0x0000000710500000, 0x0000000710600000|  0%| F|  |TAMS 0x0000000710500000, 0x0000000710500000| Untracked 
| 236|0x0000000710600000, 0x0000000710600000, 0x0000000710700000|  0%| F|  |TAMS 0x0000000710600000, 0x0000000710600000| Untracked 
| 237|0x0000000710700000, 0x0000000710700000, 0x0000000710800000|  0%| F|  |TAMS 0x0000000710700000, 0x0000000710700000| Untracked 
| 238|0x0000000710800000, 0x0000000710800000, 0x0000000710900000|  0%| F|  |TAMS 0x0000000710800000, 0x0000000710800000| Untracked 
| 239|0x0000000710900000, 0x0000000710900000, 0x0000000710a00000|  0%| F|  |TAMS 0x0000000710900000, 0x0000000710900000| Untracked 
| 240|0x0000000710a00000, 0x0000000710a00000, 0x0000000710b00000|  0%| F|  |TAMS 0x0000000710a00000, 0x0000000710a00000| Untracked 
| 241|0x0000000710b00000, 0x0000000710b00000, 0x0000000710c00000|  0%| F|  |TAMS 0x0000000710b00000, 0x0000000710b00000| Untracked 
| 242|0x0000000710c00000, 0x0000000710d00000, 0x0000000710d00000|100%| E|  |TAMS 0x0000000710c00000, 0x0000000710c00000| Complete 
| 243|0x0000000710d00000, 0x0000000710e00000, 0x0000000710e00000|100%| E|CS|TAMS 0x0000000710d00000, 0x0000000710d00000| Complete 
| 244|0x0000000710e00000, 0x0000000710f00000, 0x0000000710f00000|100%| E|CS|TAMS 0x0000000710e00000, 0x0000000710e00000| Complete 
| 245|0x0000000710f00000, 0x0000000711000000, 0x0000000711000000|100%| E|CS|TAMS 0x0000000710f00000, 0x0000000710f00000| Complete 
| 246|0x0000000711000000, 0x0000000711100000, 0x0000000711100000|100%| E|CS|TAMS 0x0000000711000000, 0x0000000711000000| Complete 
| 247|0x0000000711100000, 0x0000000711200000, 0x0000000711200000|100%| E|CS|TAMS 0x0000000711100000, 0x0000000711100000| Complete 
| 248|0x0000000711200000, 0x0000000711300000, 0x0000000711300000|100%| E|CS|TAMS 0x0000000711200000, 0x0000000711200000| Complete 
| 249|0x0000000711300000, 0x0000000711400000, 0x0000000711400000|100%| E|CS|TAMS 0x0000000711300000, 0x0000000711300000| Complete 
| 250|0x0000000711400000, 0x0000000711500000, 0x0000000711500000|100%| E|CS|TAMS 0x0000000711400000, 0x0000000711400000| Complete 
| 251|0x0000000711500000, 0x0000000711600000, 0x0000000711600000|100%| E|CS|TAMS 0x0000000711500000, 0x0000000711500000| Complete 
| 252|0x0000000711600000, 0x0000000711700000, 0x0000000711700000|100%| E|CS|TAMS 0x0000000711600000, 0x0000000711600000| Complete 
| 253|0x0000000711700000, 0x0000000711800000, 0x0000000711800000|100%| E|CS|TAMS 0x0000000711700000, 0x0000000711700000| Complete 
| 254|0x0000000711800000, 0x0000000711900000, 0x0000000711900000|100%| E|CS|TAMS 0x0000000711800000, 0x0000000711800000| Complete 
| 255|0x0000000711900000, 0x0000000711a00000, 0x0000000711a00000|100%| E|CS|TAMS 0x0000000711900000, 0x0000000711900000| Complete 
| 256|0x0000000711a00000, 0x0000000711b00000, 0x0000000711b00000|100%| E|CS|TAMS 0x0000000711a00000, 0x0000000711a00000| Complete 
| 257|0x0000000711b00000, 0x0000000711c00000, 0x0000000711c00000|100%| E|CS|TAMS 0x0000000711b00000, 0x0000000711b00000| Complete 
| 258|0x0000000711c00000, 0x0000000711d00000, 0x0000000711d00000|100%| E|CS|TAMS 0x0000000711c00000, 0x0000000711c00000| Complete 
| 259|0x0000000711d00000, 0x0000000711e00000, 0x0000000711e00000|100%| E|CS|TAMS 0x0000000711d00000, 0x0000000711d00000| Complete 
| 260|0x0000000711e00000, 0x0000000711f00000, 0x0000000711f00000|100%| E|CS|TAMS 0x0000000711e00000, 0x0000000711e00000| Complete 
| 261|0x0000000711f00000, 0x0000000712000000, 0x0000000712000000|100%| E|CS|TAMS 0x0000000711f00000, 0x0000000711f00000| Complete 
| 262|0x0000000712000000, 0x0000000712100000, 0x0000000712100000|100%| E|CS|TAMS 0x0000000712000000, 0x0000000712000000| Complete 
| 263|0x0000000712100000, 0x0000000712200000, 0x0000000712200000|100%| E|CS|TAMS 0x0000000712100000, 0x0000000712100000| Complete 
| 264|0x0000000712200000, 0x0000000712300000, 0x0000000712300000|100%| E|CS|TAMS 0x0000000712200000, 0x0000000712200000| Complete 
| 265|0x0000000712300000, 0x0000000712400000, 0x0000000712400000|100%| E|CS|TAMS 0x0000000712300000, 0x0000000712300000| Complete 
| 266|0x0000000712400000, 0x0000000712500000, 0x0000000712500000|100%| E|CS|TAMS 0x0000000712400000, 0x0000000712400000| Complete 
| 267|0x0000000712500000, 0x0000000712600000, 0x0000000712600000|100%| E|CS|TAMS 0x0000000712500000, 0x0000000712500000| Complete 
| 268|0x0000000712600000, 0x0000000712700000, 0x0000000712700000|100%| E|CS|TAMS 0x0000000712600000, 0x0000000712600000| Complete 
| 269|0x0000000712700000, 0x0000000712800000, 0x0000000712800000|100%| E|CS|TAMS 0x0000000712700000, 0x0000000712700000| Complete 
| 270|0x0000000712800000, 0x0000000712900000, 0x0000000712900000|100%| E|CS|TAMS 0x0000000712800000, 0x0000000712800000| Complete 
| 271|0x0000000712900000, 0x0000000712a00000, 0x0000000712a00000|100%| E|CS|TAMS 0x0000000712900000, 0x0000000712900000| Complete 
| 272|0x0000000712a00000, 0x0000000712b00000, 0x0000000712b00000|100%| E|CS|TAMS 0x0000000712a00000, 0x0000000712a00000| Complete 
| 273|0x0000000712b00000, 0x0000000712c00000, 0x0000000712c00000|100%| E|CS|TAMS 0x0000000712b00000, 0x0000000712b00000| Complete 
| 274|0x0000000712c00000, 0x0000000712d00000, 0x0000000712d00000|100%| E|CS|TAMS 0x0000000712c00000, 0x0000000712c00000| Complete 
| 275|0x0000000712d00000, 0x0000000712e00000, 0x0000000712e00000|100%| E|CS|TAMS 0x0000000712d00000, 0x0000000712d00000| Complete 
| 276|0x0000000712e00000, 0x0000000712f00000, 0x0000000712f00000|100%| E|CS|TAMS 0x0000000712e00000, 0x0000000712e00000| Complete 
| 277|0x0000000712f00000, 0x0000000713000000, 0x0000000713000000|100%| E|CS|TAMS 0x0000000712f00000, 0x0000000712f00000| Complete 
| 278|0x0000000713000000, 0x0000000713100000, 0x0000000713100000|100%| E|CS|TAMS 0x0000000713000000, 0x0000000713000000| Complete 
| 279|0x0000000713100000, 0x0000000713200000, 0x0000000713200000|100%| E|CS|TAMS 0x0000000713100000, 0x0000000713100000| Complete 
| 280|0x0000000713200000, 0x0000000713300000, 0x0000000713300000|100%| E|CS|TAMS 0x0000000713200000, 0x0000000713200000| Complete 
| 281|0x0000000713300000, 0x0000000713400000, 0x0000000713400000|100%| E|CS|TAMS 0x0000000713300000, 0x0000000713300000| Complete 
| 282|0x0000000713400000, 0x0000000713500000, 0x0000000713500000|100%| E|CS|TAMS 0x0000000713400000, 0x0000000713400000| Complete 
| 283|0x0000000713500000, 0x0000000713600000, 0x0000000713600000|100%| E|CS|TAMS 0x0000000713500000, 0x0000000713500000| Complete 
| 284|0x0000000713600000, 0x0000000713700000, 0x0000000713700000|100%| E|CS|TAMS 0x0000000713600000, 0x0000000713600000| Complete 
| 285|0x0000000713700000, 0x0000000713800000, 0x0000000713800000|100%| E|CS|TAMS 0x0000000713700000, 0x0000000713700000| Complete 
| 286|0x0000000713800000, 0x0000000713900000, 0x0000000713900000|100%| E|CS|TAMS 0x0000000713800000, 0x0000000713800000| Complete 
| 287|0x0000000713900000, 0x0000000713a00000, 0x0000000713a00000|100%| E|CS|TAMS 0x0000000713900000, 0x0000000713900000| Complete 
| 288|0x0000000713a00000, 0x0000000713b00000, 0x0000000713b00000|100%| E|CS|TAMS 0x0000000713a00000, 0x0000000713a00000| Complete 
| 289|0x0000000713b00000, 0x0000000713c00000, 0x0000000713c00000|100%| E|CS|TAMS 0x0000000713b00000, 0x0000000713b00000| Complete 
| 290|0x0000000713c00000, 0x0000000713d00000, 0x0000000713d00000|100%| E|CS|TAMS 0x0000000713c00000, 0x0000000713c00000| Complete 
| 291|0x0000000713d00000, 0x0000000713e00000, 0x0000000713e00000|100%| E|CS|TAMS 0x0000000713d00000, 0x0000000713d00000| Complete 
| 292|0x0000000713e00000, 0x0000000713f00000, 0x0000000713f00000|100%| E|CS|TAMS 0x0000000713e00000, 0x0000000713e00000| Complete 
| 293|0x0000000713f00000, 0x0000000714000000, 0x0000000714000000|100%| E|CS|TAMS 0x0000000713f00000, 0x0000000713f00000| Complete 
| 294|0x0000000714000000, 0x0000000714100000, 0x0000000714100000|100%| E|CS|TAMS 0x0000000714000000, 0x0000000714000000| Complete 
| 295|0x0000000714100000, 0x0000000714200000, 0x0000000714200000|100%| E|CS|TAMS 0x0000000714100000, 0x0000000714100000| Complete 
| 296|0x0000000714200000, 0x0000000714300000, 0x0000000714300000|100%| E|CS|TAMS 0x0000000714200000, 0x0000000714200000| Complete 
| 297|0x0000000714300000, 0x0000000714400000, 0x0000000714400000|100%| E|CS|TAMS 0x0000000714300000, 0x0000000714300000| Complete 
| 298|0x0000000714400000, 0x0000000714500000, 0x0000000714500000|100%| E|CS|TAMS 0x0000000714400000, 0x0000000714400000| Complete 
| 299|0x0000000714500000, 0x0000000714600000, 0x0000000714600000|100%| E|CS|TAMS 0x0000000714500000, 0x0000000714500000| Complete 
| 300|0x0000000714600000, 0x0000000714700000, 0x0000000714700000|100%| E|CS|TAMS 0x0000000714600000, 0x0000000714600000| Complete 
| 301|0x0000000714700000, 0x0000000714800000, 0x0000000714800000|100%| E|CS|TAMS 0x0000000714700000, 0x0000000714700000| Complete 
| 302|0x0000000714800000, 0x0000000714900000, 0x0000000714900000|100%| E|CS|TAMS 0x0000000714800000, 0x0000000714800000| Complete 
| 303|0x0000000714900000, 0x0000000714a00000, 0x0000000714a00000|100%| E|CS|TAMS 0x0000000714900000, 0x0000000714900000| Complete 
| 304|0x0000000714a00000, 0x0000000714b00000, 0x0000000714b00000|100%| E|CS|TAMS 0x0000000714a00000, 0x0000000714a00000| Complete 
| 305|0x0000000714b00000, 0x0000000714c00000, 0x0000000714c00000|100%| E|CS|TAMS 0x0000000714b00000, 0x0000000714b00000| Complete 
| 306|0x0000000714c00000, 0x0000000714d00000, 0x0000000714d00000|100%| E|CS|TAMS 0x0000000714c00000, 0x0000000714c00000| Complete 
| 307|0x0000000714d00000, 0x0000000714e00000, 0x0000000714e00000|100%| E|CS|TAMS 0x0000000714d00000, 0x0000000714d00000| Complete 
| 308|0x0000000714e00000, 0x0000000714f00000, 0x0000000714f00000|100%| E|CS|TAMS 0x0000000714e00000, 0x0000000714e00000| Complete 
| 309|0x0000000714f00000, 0x0000000715000000, 0x0000000715000000|100%| E|CS|TAMS 0x0000000714f00000, 0x0000000714f00000| Complete 
| 310|0x0000000715000000, 0x0000000715100000, 0x0000000715100000|100%| E|CS|TAMS 0x0000000715000000, 0x0000000715000000| Complete 
| 311|0x0000000715100000, 0x0000000715200000, 0x0000000715200000|100%| E|CS|TAMS 0x0000000715100000, 0x0000000715100000| Complete 
| 312|0x0000000715200000, 0x0000000715300000, 0x0000000715300000|100%| E|CS|TAMS 0x0000000715200000, 0x0000000715200000| Complete 
| 313|0x0000000715300000, 0x0000000715400000, 0x0000000715400000|100%| E|CS|TAMS 0x0000000715300000, 0x0000000715300000| Complete 
| 314|0x0000000715400000, 0x0000000715500000, 0x0000000715500000|100%| E|CS|TAMS 0x0000000715400000, 0x0000000715400000| Complete 
| 315|0x0000000715500000, 0x0000000715600000, 0x0000000715600000|100%| E|CS|TAMS 0x0000000715500000, 0x0000000715500000| Complete 
| 316|0x0000000715600000, 0x0000000715700000, 0x0000000715700000|100%| E|CS|TAMS 0x0000000715600000, 0x0000000715600000| Complete 
| 317|0x0000000715700000, 0x0000000715800000, 0x0000000715800000|100%| E|CS|TAMS 0x0000000715700000, 0x0000000715700000| Complete 
| 318|0x0000000715800000, 0x0000000715900000, 0x0000000715900000|100%| E|CS|TAMS 0x0000000715800000, 0x0000000715800000| Complete 
| 319|0x0000000715900000, 0x0000000715a00000, 0x0000000715a00000|100%| E|CS|TAMS 0x0000000715900000, 0x0000000715900000| Complete 
| 320|0x0000000715a00000, 0x0000000715b00000, 0x0000000715b00000|100%| E|CS|TAMS 0x0000000715a00000, 0x0000000715a00000| Complete 
| 321|0x0000000715b00000, 0x0000000715c00000, 0x0000000715c00000|100%| E|CS|TAMS 0x0000000715b00000, 0x0000000715b00000| Complete 
| 322|0x0000000715c00000, 0x0000000715d00000, 0x0000000715d00000|100%| E|CS|TAMS 0x0000000715c00000, 0x0000000715c00000| Complete 
| 323|0x0000000715d00000, 0x0000000715e00000, 0x0000000715e00000|100%| E|CS|TAMS 0x0000000715d00000, 0x0000000715d00000| Complete 
| 324|0x0000000715e00000, 0x0000000715f00000, 0x0000000715f00000|100%| E|CS|TAMS 0x0000000715e00000, 0x0000000715e00000| Complete 
| 325|0x0000000715f00000, 0x0000000716000000, 0x0000000716000000|100%| E|CS|TAMS 0x0000000715f00000, 0x0000000715f00000| Complete 
| 326|0x0000000716000000, 0x0000000716100000, 0x0000000716100000|100%| E|CS|TAMS 0x0000000716000000, 0x0000000716000000| Complete 
| 327|0x0000000716100000, 0x0000000716200000, 0x0000000716200000|100%| E|CS|TAMS 0x0000000716100000, 0x0000000716100000| Complete 
| 328|0x0000000716200000, 0x0000000716300000, 0x0000000716300000|100%| E|CS|TAMS 0x0000000716200000, 0x0000000716200000| Complete 
| 329|0x0000000716300000, 0x0000000716400000, 0x0000000716400000|100%| E|CS|TAMS 0x0000000716300000, 0x0000000716300000| Complete 
| 330|0x0000000716400000, 0x0000000716500000, 0x0000000716500000|100%| E|CS|TAMS 0x0000000716400000, 0x0000000716400000| Complete 
| 331|0x0000000716500000, 0x0000000716600000, 0x0000000716600000|100%| E|CS|TAMS 0x0000000716500000, 0x0000000716500000| Complete 
| 332|0x0000000716600000, 0x0000000716700000, 0x0000000716700000|100%| E|CS|TAMS 0x0000000716600000, 0x0000000716600000| Complete 
| 333|0x0000000716700000, 0x0000000716800000, 0x0000000716800000|100%| E|CS|TAMS 0x0000000716700000, 0x0000000716700000| Complete 
| 334|0x0000000716800000, 0x0000000716900000, 0x0000000716900000|100%| E|CS|TAMS 0x0000000716800000, 0x0000000716800000| Complete 
| 335|0x0000000716900000, 0x0000000716a00000, 0x0000000716a00000|100%| E|CS|TAMS 0x0000000716900000, 0x0000000716900000| Complete 
| 336|0x0000000716a00000, 0x0000000716b00000, 0x0000000716b00000|100%| E|CS|TAMS 0x0000000716a00000, 0x0000000716a00000| Complete 
| 337|0x0000000716b00000, 0x0000000716c00000, 0x0000000716c00000|100%| E|CS|TAMS 0x0000000716b00000, 0x0000000716b00000| Complete 
| 338|0x0000000716c00000, 0x0000000716d00000, 0x0000000716d00000|100%| E|CS|TAMS 0x0000000716c00000, 0x0000000716c00000| Complete 
| 339|0x0000000716d00000, 0x0000000716e00000, 0x0000000716e00000|100%| E|CS|TAMS 0x0000000716d00000, 0x0000000716d00000| Complete 
| 340|0x0000000716e00000, 0x0000000716f00000, 0x0000000716f00000|100%| E|CS|TAMS 0x0000000716e00000, 0x0000000716e00000| Complete 
| 341|0x0000000716f00000, 0x0000000717000000, 0x0000000717000000|100%| E|CS|TAMS 0x0000000716f00000, 0x0000000716f00000| Complete 
| 342|0x0000000717000000, 0x0000000717100000, 0x0000000717100000|100%| E|CS|TAMS 0x0000000717000000, 0x0000000717000000| Complete 
| 343|0x0000000717100000, 0x0000000717200000, 0x0000000717200000|100%| E|CS|TAMS 0x0000000717100000, 0x0000000717100000| Complete 
| 344|0x0000000717200000, 0x0000000717300000, 0x0000000717300000|100%| E|CS|TAMS 0x0000000717200000, 0x0000000717200000| Complete 
| 345|0x0000000717300000, 0x0000000717400000, 0x0000000717400000|100%| E|CS|TAMS 0x0000000717300000, 0x0000000717300000| Complete 
| 346|0x0000000717400000, 0x0000000717500000, 0x0000000717500000|100%| E|CS|TAMS 0x0000000717400000, 0x0000000717400000| Complete 
| 347|0x0000000717500000, 0x0000000717600000, 0x0000000717600000|100%| E|CS|TAMS 0x0000000717500000, 0x0000000717500000| Complete 
| 348|0x0000000717600000, 0x0000000717700000, 0x0000000717700000|100%| E|CS|TAMS 0x0000000717600000, 0x0000000717600000| Complete 
| 349|0x0000000717700000, 0x0000000717800000, 0x0000000717800000|100%| E|CS|TAMS 0x0000000717700000, 0x0000000717700000| Complete 
| 350|0x0000000717800000, 0x0000000717900000, 0x0000000717900000|100%| E|CS|TAMS 0x0000000717800000, 0x0000000717800000| Complete 
| 351|0x0000000717900000, 0x0000000717a00000, 0x0000000717a00000|100%| E|CS|TAMS 0x0000000717900000, 0x0000000717900000| Complete 
| 352|0x0000000717a00000, 0x0000000717b00000, 0x0000000717b00000|100%| E|CS|TAMS 0x0000000717a00000, 0x0000000717a00000| Complete 
| 353|0x0000000717b00000, 0x0000000717c00000, 0x0000000717c00000|100%| E|CS|TAMS 0x0000000717b00000, 0x0000000717b00000| Complete 
| 354|0x0000000717c00000, 0x0000000717d00000, 0x0000000717d00000|100%| E|CS|TAMS 0x0000000717c00000, 0x0000000717c00000| Complete 
| 355|0x0000000717d00000, 0x0000000717e00000, 0x0000000717e00000|100%| E|CS|TAMS 0x0000000717d00000, 0x0000000717d00000| Complete 
| 356|0x0000000717e00000, 0x0000000717f00000, 0x0000000717f00000|100%| E|CS|TAMS 0x0000000717e00000, 0x0000000717e00000| Complete 
| 357|0x0000000717f00000, 0x0000000718000000, 0x0000000718000000|100%| E|CS|TAMS 0x0000000717f00000, 0x0000000717f00000| Complete 
| 358|0x0000000718000000, 0x0000000718100000, 0x0000000718100000|100%| E|CS|TAMS 0x0000000718000000, 0x0000000718000000| Complete 
| 359|0x0000000718100000, 0x0000000718200000, 0x0000000718200000|100%| E|CS|TAMS 0x0000000718100000, 0x0000000718100000| Complete 
| 360|0x0000000718200000, 0x0000000718300000, 0x0000000718300000|100%| E|CS|TAMS 0x0000000718200000, 0x0000000718200000| Complete 
| 361|0x0000000718300000, 0x0000000718400000, 0x0000000718400000|100%| E|CS|TAMS 0x0000000718300000, 0x0000000718300000| Complete 
| 362|0x0000000718400000, 0x0000000718500000, 0x0000000718500000|100%| E|CS|TAMS 0x0000000718400000, 0x0000000718400000| Complete 
| 363|0x0000000718500000, 0x0000000718600000, 0x0000000718600000|100%| E|CS|TAMS 0x0000000718500000, 0x0000000718500000| Complete 
| 364|0x0000000718600000, 0x0000000718700000, 0x0000000718700000|100%| E|CS|TAMS 0x0000000718600000, 0x0000000718600000| Complete 
| 365|0x0000000718700000, 0x0000000718800000, 0x0000000718800000|100%| E|CS|TAMS 0x0000000718700000, 0x0000000718700000| Complete 
| 366|0x0000000718800000, 0x0000000718900000, 0x0000000718900000|100%| E|CS|TAMS 0x0000000718800000, 0x0000000718800000| Complete 
| 367|0x0000000718900000, 0x0000000718a00000, 0x0000000718a00000|100%| E|CS|TAMS 0x0000000718900000, 0x0000000718900000| Complete 
| 368|0x0000000718a00000, 0x0000000718b00000, 0x0000000718b00000|100%| E|CS|TAMS 0x0000000718a00000, 0x0000000718a00000| Complete 
| 369|0x0000000718b00000, 0x0000000718c00000, 0x0000000718c00000|100%| E|CS|TAMS 0x0000000718b00000, 0x0000000718b00000| Complete 
| 370|0x0000000718c00000, 0x0000000718d00000, 0x0000000718d00000|100%| E|CS|TAMS 0x0000000718c00000, 0x0000000718c00000| Complete 
| 371|0x0000000718d00000, 0x0000000718e00000, 0x0000000718e00000|100%| E|CS|TAMS 0x0000000718d00000, 0x0000000718d00000| Complete 
| 372|0x0000000718e00000, 0x0000000718f00000, 0x0000000718f00000|100%| E|CS|TAMS 0x0000000718e00000, 0x0000000718e00000| Complete 
| 373|0x0000000718f00000, 0x0000000719000000, 0x0000000719000000|100%| E|CS|TAMS 0x0000000718f00000, 0x0000000718f00000| Complete 

Card table byte_map: [0x000001f9184b0000,0x000001f918cb0000] _byte_map_base: 0x000001f914ca3000

Marking Bits (Prev, Next): (CMBitMap*) 0x000001f97ac81fa0, (CMBitMap*) 0x000001f97ac81f68
 Prev Bits: [0x000001f91d450000, 0x000001f9213e8000)
 Next Bits: [0x000001f9194b0000, 0x000001f91d448000)

Polling page: 0x000001f900000000

Metaspace:

Usage:
  Non-class:     62.58 MB capacity,    61.84 MB ( 99%) used,   588.61 KB ( <1%) free+waste,   177.94 KB ( <1%) overhead. 
      Class:      9.33 MB capacity,     8.85 MB ( 95%) used,   409.44 KB (  4%) free+waste,    80.13 KB ( <1%) overhead. 
       Both:     71.91 MB capacity,    70.68 MB ( 98%) used,   998.05 KB (  1%) free+waste,   258.06 KB ( <1%) overhead. 

Virtual space:
  Non-class space:       64.00 MB reserved,      62.70 MB ( 98%) committed 
      Class space:        1.00 GB reserved,       9.45 MB ( <1%) committed 
             Both:        1.06 GB reserved,      72.14 MB (  7%) committed 

Chunk freelists:
   Non-Class:  50.00 KB
       Class:  17.00 KB
        Both:  67.00 KB

MaxMetaspaceSize: 17179869184.00 GB
CompressedClassSpaceSize: 1.00 GB
Initial GC threshold: 20.80 MB
Current GC threshold: 99.41 MB
CDS: off

CodeHeap 'non-profiled nmethods': size=120064Kb used=4119Kb max_used=4119Kb free=115944Kb
 bounds [0x000001f910140000, 0x000001f910550000, 0x000001f917680000]
CodeHeap 'profiled nmethods': size=120000Kb used=14859Kb max_used=14859Kb free=105140Kb
 bounds [0x000001f908c10000, 0x000001f909aa0000, 0x000001f910140000]
CodeHeap 'non-nmethods': size=5696Kb used=1352Kb max_used=1377Kb free=4343Kb
 bounds [0x000001f908680000, 0x000001f9088f0000, 0x000001f908c10000]
 total_blobs=7096 nmethods=6433 adapters=575
 compilation: enabled
              stopped_count=0, restarted_count=0
 full_count=0

Compilation events (20 events):
Event: 10.673 Thread 0x000001f92452a000 6522       4       jdk.internal.reflect.DelegatingMethodAccessorImpl::invoke (10 bytes)
Event: 10.673 Thread 0x000001f9243c5000 nmethod 6520 0x000001f909a7ee90 code [0x000001f909a7f060, 0x000001f909a7f318]
Event: 10.673 Thread 0x000001f9243c5000 6521       3       net.bytebuddy.description.method.MethodDescription$AbstractBase::<init> (5 bytes)
Event: 10.673 Thread 0x000001f9243c5000 nmethod 6521 0x000001f909a7f410 code [0x000001f909a7f5e0, 0x000001f909a7f7f8]
Event: 10.673 Thread 0x000001f9243c5000 6523       1       net.bytebuddy.description.method.MethodDescription$ForLoadedMethod::getLoadedMethod (5 bytes)
Event: 10.673 Thread 0x000001f9243c5000 nmethod 6523 0x000001f91053e390 code [0x000001f91053e540, 0x000001f91053e5f8]
Event: 10.673 Thread 0x000001f9243c5000 6518       3       java.util.Dictionary::<init> (5 bytes)
Event: 10.673 Thread 0x000001f9243c5000 nmethod 6518 0x000001f909a7f910 code [0x000001f909a7fac0, 0x000001f909a7fc18]
Event: 10.673 Thread 0x000001f9243c5000 6519       1       java.lang.ClassLoader::getName (5 bytes)
Event: 10.673 Thread 0x000001f92452a000 nmethod 6522 0x000001f91053e690 code [0x000001f91053e820, 0x000001f91053e8b8]
Event: 10.673 Thread 0x000001f9243c5000 nmethod 6519 0x000001f91053e990 code [0x000001f91053eb40, 0x000001f91053ebf8]
Event: 10.673 Thread 0x000001f92452a000 6515       4       jdk.internal.reflect.ClassFileAssembler::cpi (22 bytes)
Event: 10.674 Thread 0x000001f92452a000 nmethod 6515 0x000001f91053ec90 code [0x000001f91053ee20, 0x000001f91053ee98]
Event: 10.674 Thread 0x000001f92452a000 6457       4       sun.net.www.protocol.jar.Handler::parseContextSpec (150 bytes)
Event: 10.675 Thread 0x000001f9243c5000 6524       3       net.bytebuddy.description.type.TypeList$Generic$AbstractBase::asErasures (61 bytes)
Event: 10.676 Thread 0x000001f9243c5000 nmethod 6524 0x000001f909a7fd10 code [0x000001f909a80000, 0x000001f909a81348]
Event: 10.676 Thread 0x000001f9243c5000 6526       3       net.bytebuddy.description.method.ParameterList$AbstractBase::asTypeList (61 bytes)
Event: 10.677 Thread 0x000001f9243c5000 nmethod 6526 0x000001f909a81910 code [0x000001f909a81c00, 0x000001f909a82f48]
Event: 10.677 Thread 0x000001f9243c5000 6525       3       net.bytebuddy.description.type.TypeList$Explicit::<init> (10 bytes)
Event: 10.677 Thread 0x000001f9243c5000 nmethod 6525 0x000001f909a83510 code [0x000001f909a836e0, 0x000001f909a83a18]

GC Heap History (20 events):
Event: 0.609 GC heap before
{Heap before GC invocations=0 (full 0):
 garbage-first heap   total 262144K, used 17408K [0x0000000701a00000, 0x0000000800000000)
  region size 1024K, 14 young (14336K), 0 survivors (0K)
 Metaspace       used 8242K, capacity 8354K, committed 8576K, reserved 1056768K
  class space    used 735K, capacity 781K, committed 896K, reserved 1048576K
}
Event: 0.613 GC heap after
{Heap after GC invocations=1 (full 0):
 garbage-first heap   total 262144K, used 10726K [0x0000000701a00000, 0x0000000800000000)
  region size 1024K, 2 young (2048K), 2 survivors (2048K)
 Metaspace       used 8242K, capacity 8354K, committed 8576K, reserved 1056768K
  class space    used 735K, capacity 781K, committed 896K, reserved 1048576K
}
Event: 0.856 GC heap before
{Heap before GC invocations=1 (full 0):
 garbage-first heap   total 262144K, used 20966K [0x0000000701a00000, 0x0000000800000000)
  region size 1024K, 12 young (12288K), 2 survivors (2048K)
 Metaspace       used 11686K, capacity 11879K, committed 12032K, reserved 1060864K
  class space    used 1165K, capacity 1230K, committed 1280K, reserved 1048576K
}
Event: 0.859 GC heap after
{Heap after GC invocations=2 (full 0):
 garbage-first heap   total 262144K, used 11565K [0x0000000701a00000, 0x0000000800000000)
  region size 1024K, 1 young (1024K), 1 survivors (1024K)
 Metaspace       used 11686K, capacity 11879K, committed 12032K, reserved 1060864K
  class space    used 1165K, capacity 1230K, committed 1280K, reserved 1048576K
}
Event: 1.102 GC heap before
{Heap before GC invocations=2 (full 0):
 garbage-first heap   total 262144K, used 33069K [0x0000000701a00000, 0x0000000800000000)
  region size 1024K, 23 young (23552K), 1 survivors (1024K)
 Metaspace       used 15144K, capacity 15391K, committed 15488K, reserved 1062912K
  class space    used 1500K, capacity 1587K, committed 1664K, reserved 1048576K
}
Event: 1.104 GC heap after
{Heap after GC invocations=3 (full 0):
 garbage-first heap   total 262144K, used 12129K [0x0000000701a00000, 0x0000000800000000)
  region size 1024K, 2 young (2048K), 2 survivors (2048K)
 Metaspace       used 15144K, capacity 15391K, committed 15488K, reserved 1062912K
  class space    used 1500K, capacity 1587K, committed 1664K, reserved 1048576K
}
Event: 1.586 GC heap before
{Heap before GC invocations=3 (full 0):
 garbage-first heap   total 262144K, used 30561K [0x0000000701a00000, 0x0000000800000000)
  region size 1024K, 21 young (21504K), 2 survivors (2048K)
 Metaspace       used 20830K, capacity 21128K, committed 21296K, reserved 1069056K
  class space    used 2197K, capacity 2328K, committed 2432K, reserved 1048576K
}
Event: 1.593 GC heap after
{Heap after GC invocations=4 (full 0):
 garbage-first heap   total 262144K, used 14167K [0x0000000701a00000, 0x0000000800000000)
  region size 1024K, 4 young (4096K), 4 survivors (4096K)
 Metaspace       used 20830K, capacity 21128K, committed 21296K, reserved 1069056K
  class space    used 2197K, capacity 2328K, committed 2432K, reserved 1048576K
}
Event: 2.118 GC heap before
{Heap before GC invocations=5 (full 0):
 garbage-first heap   total 262144K, used 54103K [0x0000000701a00000, 0x0000000800000000)
  region size 1024K, 44 young (45056K), 4 survivors (4096K)
 Metaspace       used 26483K, capacity 27013K, committed 27312K, reserved 1073152K
  class space    used 3010K, capacity 3235K, committed 3328K, reserved 1048576K
}
Event: 2.124 GC heap after
{Heap after GC invocations=6 (full 0):
 garbage-first heap   total 262144K, used 15789K [0x0000000701a00000, 0x0000000800000000)
  region size 1024K, 5 young (5120K), 5 survivors (5120K)
 Metaspace       used 26483K, capacity 27013K, committed 27312K, reserved 1073152K
  class space    used 3010K, capacity 3235K, committed 3328K, reserved 1048576K
}
Event: 3.672 GC heap before
{Heap before GC invocations=6 (full 0):
 garbage-first heap   total 262144K, used 94637K [0x0000000701a00000, 0x0000000800000000)
  region size 1024K, 82 young (83968K), 5 survivors (5120K)
 Metaspace       used 33609K, capacity 34345K, committed 34608K, reserved 1079296K
  class space    used 3890K, capacity 4186K, committed 4224K, reserved 1048576K
}
Event: 3.684 GC heap after
{Heap after GC invocations=7 (full 0):
 garbage-first heap   total 315392K, used 18940K [0x0000000701a00000, 0x0000000800000000)
  region size 1024K, 8 young (8192K), 8 survivors (8192K)
 Metaspace       used 33609K, capacity 34345K, committed 34608K, reserved 1079296K
  class space    used 3890K, capacity 4186K, committed 4224K, reserved 1048576K
}
Event: 4.121 GC heap before
{Heap before GC invocations=7 (full 0):
 garbage-first heap   total 315392K, used 66044K [0x0000000701a00000, 0x0000000800000000)
  region size 1024K, 55 young (56320K), 8 survivors (8192K)
 Metaspace       used 35032K, capacity 35763K, committed 35920K, reserved 1081344K
  class space    used 4037K, capacity 4337K, committed 4352K, reserved 1048576K
}
Event: 4.136 GC heap after
{Heap after GC invocations=8 (full 0):
 garbage-first heap   total 315392K, used 21673K [0x0000000701a00000, 0x0000000800000000)
  region size 1024K, 10 young (10240K), 10 survivors (10240K)
 Metaspace       used 35032K, capacity 35763K, committed 35920K, reserved 1081344K
  class space    used 4037K, capacity 4337K, committed 4352K, reserved 1048576K
}
Event: 6.245 GC heap before
{Heap before GC invocations=9 (full 0):
 garbage-first heap   total 315392K, used 199849K [0x0000000701a00000, 0x0000000800000000)
  region size 1024K, 184 young (188416K), 10 survivors (10240K)
 Metaspace       used 45906K, capacity 46930K, committed 47184K, reserved 1091584K
  class space    used 5402K, capacity 5796K, committed 5888K, reserved 1048576K
}
Event: 6.266 GC heap after
{Heap after GC invocations=10 (full 0):
 garbage-first heap   total 315392K, used 29654K [0x0000000701a00000, 0x0000000800000000)
  region size 1024K, 18 young (18432K), 18 survivors (18432K)
 Metaspace       used 45906K, capacity 46930K, committed 47184K, reserved 1091584K
  class space    used 5402K, capacity 5796K, committed 5888K, reserved 1048576K
}
Event: 8.199 GC heap before
{Heap before GC invocations=10 (full 0):
 garbage-first heap   total 315392K, used 199638K [0x0000000701a00000, 0x0000000800000000)
  region size 1024K, 184 young (188416K), 18 survivors (18432K)
 Metaspace       used 54800K, capacity 55952K, committed 56144K, reserved 1097728K
  class space    used 6560K, capacity 7041K, committed 7168K, reserved 1048576K
}
Event: 8.223 GC heap after
{Heap after GC invocations=11 (full 0):
 garbage-first heap   total 315392K, used 34807K [0x0000000701a00000, 0x0000000800000000)
  region size 1024K, 16 young (16384K), 16 survivors (16384K)
 Metaspace       used 54800K, capacity 55952K, committed 56144K, reserved 1097728K
  class space    used 6560K, capacity 7041K, committed 7168K, reserved 1048576K
}
Event: 9.193 GC heap before
{Heap before GC invocations=11 (full 0):
 garbage-first heap   total 315392K, used 119799K [0x0000000701a00000, 0x0000000800000000)
  region size 1024K, 100 young (102400K), 16 survivors (16384K)
 Metaspace       used 58712K, capacity 59969K, committed 60080K, reserved 1101824K
  class space    used 6978K, capacity 7478K, committed 7552K, reserved 1048576K
}
Event: 9.222 GC heap after
{Heap after GC invocations=12 (full 0):
 garbage-first heap   total 382976K, used 36674K [0x0000000701a00000, 0x0000000800000000)
  region size 1024K, 8 young (8192K), 8 survivors (8192K)
 Metaspace       used 58712K, capacity 59969K, committed 60080K, reserved 1101824K
  class space    used 6978K, capacity 7478K, committed 7552K, reserved 1048576K
}

Deoptimization events (20 events):
Event: 9.988 Thread 0x000001f97ac1e000 DEOPT PACKING pc=0x000001f91019c130 sp=0x000000a14f4fd4f0
Event: 9.988 Thread 0x000001f97ac1e000 DEOPT UNPACKING pc=0x000001f9086ca1af sp=0x000000a14f4fd480 mode 2
Event: 10.035 Thread 0x000001f97ac1e000 Uncommon trap: trap_request=0xffffffc6 fr.pc=0x000001f91039f6f0 relative=0x00000000000001f0
Event: 10.035 Thread 0x000001f97ac1e000 Uncommon trap: reason=bimorphic_or_optimized_type_check action=maybe_recompile pc=0x000001f91039f6f0 method=java.lang.ClassLoader.loadClass(Ljava/lang/String;)Ljava/lang/Class; @ 3 c2
Event: 10.035 Thread 0x000001f97ac1e000 DEOPT PACKING pc=0x000001f91039f6f0 sp=0x000000a14f4fcbd0
Event: 10.035 Thread 0x000001f97ac1e000 DEOPT UNPACKING pc=0x000001f9086ca1af sp=0x000000a14f4fcb60 mode 2
Event: 10.120 Thread 0x000001f97ac1e000 Uncommon trap: trap_request=0xffffff4d fr.pc=0x000001f9101e353c relative=0x000000000000027c
Event: 10.120 Thread 0x000001f97ac1e000 Uncommon trap: reason=unstable_if action=reinterpret pc=0x000001f9101e353c method=java.util.LinkedHashMap.get(Ljava/lang/Object;)Ljava/lang/Object; @ 20 c2
Event: 10.120 Thread 0x000001f97ac1e000 DEOPT PACKING pc=0x000001f9101e353c sp=0x000000a14f4fd5f0
Event: 10.120 Thread 0x000001f97ac1e000 DEOPT UNPACKING pc=0x000001f9086ca1af sp=0x000000a14f4fd5a8 mode 2
Event: 10.167 Thread 0x000001f97ac1e000 Uncommon trap: trap_request=0xffffffc6 fr.pc=0x000001f91039f6f0 relative=0x00000000000001f0
Event: 10.167 Thread 0x000001f97ac1e000 Uncommon trap: reason=bimorphic_or_optimized_type_check action=maybe_recompile pc=0x000001f91039f6f0 method=java.lang.ClassLoader.loadClass(Ljava/lang/String;)Ljava/lang/Class; @ 3 c2
Event: 10.167 Thread 0x000001f97ac1e000 DEOPT PACKING pc=0x000001f91039f6f0 sp=0x000000a14f4fd380
Event: 10.167 Thread 0x000001f97ac1e000 DEOPT UNPACKING pc=0x000001f9086ca1af sp=0x000000a14f4fd310 mode 2
Event: 10.417 Thread 0x000001f97ac1e000 Uncommon trap: trap_request=0xffffffde fr.pc=0x000001f91043c188 relative=0x0000000000002288
Event: 10.417 Thread 0x000001f97ac1e000 Uncommon trap: reason=class_check action=maybe_recompile pc=0x000001f91043c188 method=java.util.concurrent.ConcurrentMap.computeIfAbsent(Ljava/lang/Object;Ljava/util/function/Function;)Ljava/lang/Object; @ 7 c2
Event: 10.417 Thread 0x000001f97ac1e000 DEOPT PACKING pc=0x000001f91043c188 sp=0x000000a14f4fd140
Event: 10.417 Thread 0x000001f97ac1e000 DEOPT UNPACKING pc=0x000001f9086ca1af sp=0x000000a14f4fd178 mode 2
Event: 10.421 Thread 0x000001f97ac1e000 DEOPT PACKING pc=0x000001f909853095 sp=0x000000a14f4fb860
Event: 10.421 Thread 0x000001f97ac1e000 DEOPT UNPACKING pc=0x000001f9086ca95e sp=0x000000a14f4fada8 mode 0

Classes redefined (0 events):
No events

Internal exceptions (20 events):
Event: 8.070 Thread 0x000001f97ac1e000 Implicit null exception at 0x000001f90914d10d to 0x000001f90914d6ee
Event: 8.070 Thread 0x000001f97ac1e000 Exception <a 'java/lang/NullPointerException'{0x000000070b83b2c0}> (0x000000070b83b2c0) thrown at [./src/hotspot/share/runtime/sharedRuntime.cpp, line 606]
Event: 8.070 Thread 0x000001f97ac1e000 Implicit null exception at 0x000001f90914d10d to 0x000001f90914d6ee
Event: 8.070 Thread 0x000001f97ac1e000 Exception <a 'java/lang/NullPointerException'{0x000000070b83caa8}> (0x000000070b83caa8) thrown at [./src/hotspot/share/runtime/sharedRuntime.cpp, line 606]
Event: 8.070 Thread 0x000001f97ac1e000 Implicit null exception at 0x000001f90914d10d to 0x000001f90914d6ee
Event: 8.070 Thread 0x000001f97ac1e000 Exception <a 'java/lang/NullPointerException'{0x000000070b83e208}> (0x000000070b83e208) thrown at [./src/hotspot/share/runtime/sharedRuntime.cpp, line 606]
Event: 8.070 Thread 0x000001f97ac1e000 Implicit null exception at 0x000001f90914d10d to 0x000001f90914d6ee
Event: 8.070 Thread 0x000001f97ac1e000 Exception <a 'java/lang/NullPointerException'{0x000000070b83f9b0}> (0x000000070b83f9b0) thrown at [./src/hotspot/share/runtime/sharedRuntime.cpp, line 606]
Event: 8.071 Thread 0x000001f97ac1e000 Implicit null exception at 0x000001f90914d10d to 0x000001f90914d6ee
Event: 8.071 Thread 0x000001f97ac1e000 Exception <a 'java/lang/NullPointerException'{0x000000070b841158}> (0x000000070b841158) thrown at [./src/hotspot/share/runtime/sharedRuntime.cpp, line 606]
Event: 8.071 Thread 0x000001f97ac1e000 Implicit null exception at 0x000001f90914d10d to 0x000001f90914d6ee
Event: 8.071 Thread 0x000001f97ac1e000 Exception <a 'java/lang/NullPointerException'{0x000000070b8428b0}> (0x000000070b8428b0) thrown at [./src/hotspot/share/runtime/sharedRuntime.cpp, line 606]
Event: 8.071 Thread 0x000001f97ac1e000 Implicit null exception at 0x000001f90914d10d to 0x000001f90914d6ee
Event: 8.071 Thread 0x000001f97ac1e000 Exception <a 'java/lang/NullPointerException'{0x000000070b844118}> (0x000000070b844118) thrown at [./src/hotspot/share/runtime/sharedRuntime.cpp, line 606]
Event: 8.071 Thread 0x000001f97ac1e000 Implicit null exception at 0x000001f90914d10d to 0x000001f90914d6ee
Event: 8.071 Thread 0x000001f97ac1e000 Exception <a 'java/lang/NullPointerException'{0x000000070b8458d8}> (0x000000070b8458d8) thrown at [./src/hotspot/share/runtime/sharedRuntime.cpp, line 606]
Event: 8.071 Thread 0x000001f97ac1e000 Implicit null exception at 0x000001f90914d10d to 0x000001f90914d6ee
Event: 8.071 Thread 0x000001f97ac1e000 Exception <a 'java/lang/NullPointerException'{0x000000070b847068}> (0x000000070b847068) thrown at [./src/hotspot/share/runtime/sharedRuntime.cpp, line 606]
Event: 8.071 Thread 0x000001f97ac1e000 Implicit null exception at 0x000001f90914d10d to 0x000001f90914d6ee
Event: 8.071 Thread 0x000001f97ac1e000 Exception <a 'java/lang/NullPointerException'{0x000000070b849008}> (0x000000070b849008) thrown at [./src/hotspot/share/runtime/sharedRuntime.cpp, line 606]

Events (20 events):
Event: 10.676 loading class net/bytebuddy/dynamic/scaffold/FieldRegistry$Default$Compiled$Entry
Event: 10.676 loading class net/bytebuddy/dynamic/scaffold/FieldRegistry$Default$Compiled$Entry done
Event: 10.677 loading class net/bytebuddy/dynamic/scaffold/TypeWriter$FieldPool$Record
Event: 10.677 loading class net/bytebuddy/dynamic/scaffold/TypeWriter$FieldPool$Record done
Event: 10.677 loading class net/bytebuddy/matcher/LatentMatcher$ForFieldToken$ResolvedMatcher
Event: 10.677 loading class net/bytebuddy/matcher/LatentMatcher$ForFieldToken$ResolvedMatcher done
Event: 10.678 loading class net/bytebuddy/description/field/FieldDescription$SignatureToken
Event: 10.678 loading class net/bytebuddy/description/field/FieldDescription$SignatureToken done
Event: 10.678 loading class net/bytebuddy/description/type/TypeDescription$Generic$Visitor$Reducing
Event: 10.678 loading class net/bytebuddy/description/type/TypeDescription$Generic$Visitor$Reducing done
Event: 10.679 loading class net/bytebuddy/description/type/TypeVariableToken
Event: 10.679 loading class net/bytebuddy/description/type/TypeVariableToken done
Event: 10.680 loading class net/bytebuddy/dynamic/scaffold/FieldRegistry$Default$Compiled
Event: 10.680 loading class net/bytebuddy/dynamic/scaffold/FieldRegistry$Default$Compiled done
Event: 10.680 loading class net/bytebuddy/dynamic/scaffold/TypeWriter$Default
Event: 10.680 loading class net/bytebuddy/dynamic/scaffold/TypeWriter$Default done
Event: 10.681 loading class net/bytebuddy/dynamic/scaffold/TypeWriter
Event: 10.681 loading class net/bytebuddy/dynamic/scaffold/TypeWriter done
Event: 10.681 loading class net/bytebuddy/dynamic/scaffold/inline/MethodRebaseResolver
Event: 10.681 loading class net/bytebuddy/dynamic/scaffold/inline/MethodRebaseResolver done


Dynamic libraries:
0x00007ff6e2690000 - 0x00007ff6e269d000 	C:\Program Files\OpenJDK\openjdk-11.0.14.1_1\bin\java.exe
0x00007fff60f30000 - 0x00007fff61125000 	C:\WINDOWS\SYSTEM32\ntdll.dll
0x00007fff60d80000 - 0x00007fff60e3d000 	C:\WINDOWS\System32\KERNEL32.DLL
0x00007fff5e6e0000 - 0x00007fff5e9ad000 	C:\WINDOWS\System32\KERNELBASE.dll
0x00007fff5ea90000 - 0x00007fff5eb90000 	C:\WINDOWS\System32\ucrtbase.dll
0x00007fff56610000 - 0x00007fff56625000 	C:\Program Files\OpenJDK\openjdk-11.0.14.1_1\bin\VCRUNTIME140.dll
0x00007fff565f0000 - 0x00007fff56607000 	C:\Program Files\OpenJDK\openjdk-11.0.14.1_1\bin\jli.dll
0x00007fff606a0000 - 0x00007fff60840000 	C:\WINDOWS\System32\USER32.dll
0x00007fff5ecb0000 - 0x00007fff5ecd2000 	C:\WINDOWS\System32\win32u.dll
0x00007fff60ba0000 - 0x00007fff60bca000 	C:\WINDOWS\System32\GDI32.dll
0x00007fff5ed10000 - 0x00007fff5ee1b000 	C:\WINDOWS\System32\gdi32full.dll
0x00007fff5e640000 - 0x00007fff5e6dd000 	C:\WINDOWS\System32\msvcp_win.dll
0x00007fff41640000 - 0x00007fff418da000 	C:\WINDOWS\WinSxS\amd64_microsoft.windows.common-controls_6595b64144ccf1df_6.0.19041.1110_none_60b5254171f9507e\COMCTL32.dll
0x00007fff60e40000 - 0x00007fff60ede000 	C:\WINDOWS\System32\msvcrt.dll
0x00007fff60bd0000 - 0x00007fff60c00000 	C:\WINDOWS\System32\IMM32.DLL
0x00007fff3deb0000 - 0x00007fff3df4b000 	C:\Program Files\OpenJDK\openjdk-11.0.14.1_1\bin\msvcp140.dll
0x00007fff09320000 - 0x00007fff09e2d000 	C:\Program Files\OpenJDK\openjdk-11.0.14.1_1\bin\server\jvm.dll
0x00007fff5f9f0000 - 0x00007fff5fa9e000 	C:\WINDOWS\System32\ADVAPI32.dll
0x00007fff5fac0000 - 0x00007fff5fb5c000 	C:\WINDOWS\System32\sechost.dll
0x00007fff5f7f0000 - 0x00007fff5f915000 	C:\WINDOWS\System32\RPCRT4.dll
0x00007fff60ee0000 - 0x00007fff60ee8000 	C:\WINDOWS\System32\PSAPI.DLL
0x00007fff57a80000 - 0x00007fff57a89000 	C:\WINDOWS\SYSTEM32\WSOCK32.dll
0x00007fff35980000 - 0x00007fff359a7000 	C:\WINDOWS\SYSTEM32\WINMM.dll
0x00007fff5fcf0000 - 0x00007fff5fd5b000 	C:\WINDOWS\System32\WS2_32.dll
0x00007fff505e0000 - 0x00007fff505ea000 	C:\WINDOWS\SYSTEM32\VERSION.dll
0x00007fff5cef0000 - 0x00007fff5cf02000 	C:\WINDOWS\SYSTEM32\kernel.appcore.dll
0x00007fff5afd0000 - 0x00007fff5afe0000 	C:\Program Files\OpenJDK\openjdk-11.0.14.1_1\bin\verify.dll
0x00007fff5c530000 - 0x00007fff5c714000 	C:\WINDOWS\SYSTEM32\DBGHELP.DLL
0x00007fff43760000 - 0x00007fff4378c000 	C:\WINDOWS\SYSTEM32\dbgcore.DLL
0x00007fff5e9b0000 - 0x00007fff5ea32000 	C:\WINDOWS\System32\bcryptPrimitives.dll
0x00007fff528c0000 - 0x00007fff528e8000 	C:\Program Files\OpenJDK\openjdk-11.0.14.1_1\bin\java.dll
0x00007fff57d20000 - 0x00007fff57d2a000 	C:\Program Files\OpenJDK\openjdk-11.0.14.1_1\bin\jimage.dll
0x00007fff5af30000 - 0x00007fff5af3e000 	C:\Program Files\OpenJDK\openjdk-11.0.14.1_1\bin\instrument.dll
0x00007fff55280000 - 0x00007fff55298000 	C:\Program Files\OpenJDK\openjdk-11.0.14.1_1\bin\zip.dll
0x00007fff5fe70000 - 0x00007fff605b4000 	C:\WINDOWS\System32\SHELL32.dll
0x00007fff5c740000 - 0x00007fff5ced4000 	C:\WINDOWS\SYSTEM32\windows.storage.dll
0x00007fff60840000 - 0x00007fff60b94000 	C:\WINDOWS\System32\combase.dll
0x00007fff5e0a0000 - 0x00007fff5e0cc000 	C:\WINDOWS\SYSTEM32\Wldp.dll
0x00007fff5fdc0000 - 0x00007fff5fe6d000 	C:\WINDOWS\System32\SHCORE.dll
0x00007fff5fd60000 - 0x00007fff5fdb5000 	C:\WINDOWS\System32\shlwapi.dll
0x00007fff5e580000 - 0x00007fff5e59f000 	C:\WINDOWS\SYSTEM32\profapi.dll
0x00007fff47d20000 - 0x00007fff47d39000 	C:\Program Files\OpenJDK\openjdk-11.0.14.1_1\bin\net.dll
0x00007fff4e2b0000 - 0x00007fff4e3ba000 	C:\WINDOWS\SYSTEM32\WINHTTP.dll
0x00007fff5de00000 - 0x00007fff5de6a000 	C:\WINDOWS\system32\mswsock.dll
0x00007fff3b0b0000 - 0x00007fff3b0c3000 	C:\Program Files\OpenJDK\openjdk-11.0.14.1_1\bin\nio.dll
0x00007fff59c40000 - 0x00007fff59c5a000 	C:\Users\mmahasantipiya\AppData\Local\JetBrains\IntelliJ IDEA Community Edition 2022.1.4\bin\breakgen64.dll
0x00007fff5af20000 - 0x00007fff5af29000 	C:\Program Files\OpenJDK\openjdk-11.0.14.1_1\bin\management.dll
0x00007fff59c30000 - 0x00007fff59c3b000 	C:\Program Files\OpenJDK\openjdk-11.0.14.1_1\bin\management_ext.dll
0x00007fff41030000 - 0x00007fff41047000 	C:\WINDOWS\system32\napinsp.dll
0x00007fff41050000 - 0x00007fff4106b000 	C:\WINDOWS\system32\pnrpnsp.dll
0x00007fff58d20000 - 0x00007fff58d35000 	C:\WINDOWS\system32\wshbth.dll
0x00007fff59af0000 - 0x00007fff59b0d000 	C:\WINDOWS\system32\NLAapi.dll
0x00007fff5daa0000 - 0x00007fff5dadb000 	C:\WINDOWS\SYSTEM32\IPHLPAPI.DLL
0x00007fff5daf0000 - 0x00007fff5dbbb000 	C:\WINDOWS\SYSTEM32\DNSAPI.dll
0x00007fff60c60000 - 0x00007fff60c68000 	C:\WINDOWS\System32\NSI.dll
0x00007fff4d000000 - 0x00007fff4d012000 	C:\WINDOWS\System32\winrnr.dll
0x00007fff4e050000 - 0x00007fff4e05a000 	C:\Windows\System32\rasadhlp.dll
0x00007fff58460000 - 0x00007fff584e0000 	C:\WINDOWS\System32\fwpuclnt.dll
0x00007fff5ece0000 - 0x00007fff5ed07000 	C:\WINDOWS\System32\bcrypt.dll
0x00007fff57700000 - 0x00007fff57717000 	C:\WINDOWS\SYSTEM32\dhcpcsvc6.DLL
0x00007fff576e0000 - 0x00007fff576fd000 	C:\WINDOWS\SYSTEM32\dhcpcsvc.DLL
0x00007fff5e000000 - 0x00007fff5e018000 	C:\WINDOWS\SYSTEM32\CRYPTSP.dll
0x00007fff5d6b0000 - 0x00007fff5d6e4000 	C:\WINDOWS\system32\rsaenh.dll
0x00007fff5e540000 - 0x00007fff5e56e000 	C:\WINDOWS\SYSTEM32\USERENV.dll
0x00007fff5dff0000 - 0x00007fff5dffc000 	C:\WINDOWS\SYSTEM32\CRYPTBASE.dll

dbghelp: loaded successfully - version: 4.0.5 - missing functions: none
symbol engine: initialized successfully - sym options: 0x614 - pdb path: .;C:\Program Files\OpenJDK\openjdk-11.0.14.1_1\bin;C:\WINDOWS\SYSTEM32;C:\WINDOWS\WinSxS\amd64_microsoft.windows.common-controls_6595b64144ccf1df_6.0.19041.1110_none_60b5254171f9507e;C:\Program Files\OpenJDK\openjdk-11.0.14.1_1\bin\server;C:\Users\mmahasantipiya\AppData\Local\JetBrains\IntelliJ IDEA Community Edition 2022.1.4\bin

VM Arguments:
jvm_args: -Dapplication.name=my-fuse-app -Dapplication.log-dir=logs -Dapplication.log-archive-root-dir=logs/archive -javaagent:C:\Users\mmahasantipiya\AppData\Local\JetBrains\IntelliJ IDEA Community Edition 2022.1.4\lib\idea_rt.jar=50483:C:\Users\mmahasantipiya\AppData\Local\JetBrains\IntelliJ IDEA Community Edition 2022.1.4\bin -Dfile.encoding=UTF-8 
java_command: org.galatea.starter.Application --spring.profiles.active=dev --server.port=8080
java_class_path (initial): C:\Users\mmahasantipiya\IdeaProjects\fuse-new-joiner-java\target\classes;C:\Users\mmahasantipiya\.m2\repository\org\springframework\boot\spring-boot-starter\2.1.0.RELEASE\spring-boot-starter-2.1.0.RELEASE.jar;C:\Users\mmahasantipiya\.m2\repository\org\springframework\boot\spring-boot\2.1.0.RELEASE\spring-boot-2.1.0.RELEASE.jar;C:\Users\mmahasantipiya\.m2\repository\org\springframework\boot\spring-boot-autoconfigure\2.1.0.RELEASE\spring-boot-autoconfigure-2.1.0.RELEASE.jar;C:\Users\mmahasantipiya\.m2\repository\javax\annotation\javax.annotation-api\1.3.2\javax.annotation-api-1.3.2.jar;C:\Users\mmahasantipiya\.m2\repository\org\springframework\spring-core\5.1.2.RELEASE\spring-core-5.1.2.RELEASE.jar;C:\Users\mmahasantipiya\.m2\repository\org\springframework\spring-jcl\5.1.2.RELEASE\spring-jcl-5.1.2.RELEASE.jar;C:\Users\mmahasantipiya\.m2\repository\org\yaml\snakeyaml\1.23\snakeyaml-1.23.jar;C:\Users\mmahasantipiya\.m2\repository\org\springframework\boot\spring-boot-starter-log4j2\2.1.0.RELEASE\spring-boot-starter-log4j2-2.1.0.RELEASE.jar;C:\Users\mmahasantipiya\.m2\repository\org\apache\logging\log4j\log4j-slf4j-impl\2.11.1\log4j-slf4j-impl-2.11.1.jar;C:\Users\mmahasantipiya\.m2\repository\org\apache\logging\log4j\log4j-api\2.11.1\log4j-api-2.11.1.jar;C:\Users\mmahasantipiya\.m2\repository\org\apache\logging\log4j\log4j-core\2.11.1\log4j-core-2.11.1.jar;C:\Users\mmahasantipiya\.m2\repository\org\apache\logging\log4j\log4j-jul\2.11.1\log4j-jul-2.11.1.jar;C:\Users\mmahasantipiya\.m2\repository\org\slf4j\jul-to-slf4j\1.7.25\jul-to-slf4j-1.7.25.jar;C:\Users\mmahasantipiya\.m2\repository\org\springframework\cloud\spring-cloud-starter-openfeign\2.0.1.RELEASE\spring-cloud-starter-openfeign-2.0.1.RELEASE.jar;C:\Users\mmahasantipiya\.m2\repository\org\springframework\cloud\spring-cloud-starter\2.0.1.RELEASE\spring-cloud-starter-2.0.1.RELEASE.jar;C:\Users\mmahasantipiya\.m2\repository\org\springframework\cloud\spring-cloud-context\2.0.1.RELEASE\sprin
Launcher Type: SUN_STANDARD

[Global flags]
     intx CICompilerCount                          = 3                                         {product} {ergonomic}
     uint ConcGCThreads                            = 1                                         {product} {ergonomic}
     uint G1ConcRefinementThreads                  = 4                                         {product} {ergonomic}
   size_t G1HeapRegionSize                         = 1048576                                   {product} {ergonomic}
    uintx GCDrainStackTargetSize                   = 64                                        {product} {ergonomic}
   size_t InitialHeapSize                          = 268435456                                 {product} {ergonomic}
   size_t MarkStackSize                            = 4194304                                   {product} {ergonomic}
   size_t MaxHeapSize                              = 4267704320                                {product} {ergonomic}
   size_t MaxNewSize                               = 2560622592                                {product} {ergonomic}
   size_t MinHeapDeltaBytes                        = 1048576                                   {product} {ergonomic}
    uintx NonNMethodCodeHeapSize                   = 5830732                                {pd product} {ergonomic}
    uintx NonProfiledCodeHeapSize                  = 122913754                              {pd product} {ergonomic}
    uintx ProfiledCodeHeapSize                     = 122913754                              {pd product} {ergonomic}
    uintx ReservedCodeCacheSize                    = 251658240                              {pd product} {ergonomic}
     bool SegmentedCodeCache                       = true                                      {product} {ergonomic}
     bool UseCompressedClassPointers               = true                                 {lp64_product} {ergonomic}
     bool UseCompressedOops                        = true                                 {lp64_product} {ergonomic}
     bool UseG1GC                                  = true                                      {product} {ergonomic}
     bool UseLargePagesIndividualAllocation        = false                                  {pd product} {ergonomic}

Logging:
Log output configuration:
 #0: stdout all=warning uptime,level,tags
 #1: stderr all=off uptime,level,tags

Environment Variables:
JAVA_HOME=C:\Program Files\OpenJDK\openjdk-11.0.14.1_1
CLASSPATH=.;
PATH=C:\WINDOWS\system32;C:\WINDOWS;C:\WINDOWS\System32\Wbem;C:\WINDOWS\System32\WindowsPowerShell\v1.0\;C:\WINDOWS\System32\OpenSSH\;C:\Program Files (x86)\Sennheiser\SoftphoneSDK\;C:\Python27\;C:\Python27\Scripts\;C:\opscode\chef\bin\;C:\ProgramData\chocolatey\bin;C:\Program Files\OpenSSL\bin;C:\Program Files\Java\jdk1.8.0_231\bin;;C:\WINDOWS\system32;C:\WINDOWS;C:\WINDOWS\System32\Wbem;C:\WINDOWS\System32\WindowsPowerShell\v1.0\;C:\WINDOWS\System32\OpenSSH\;C:\Program Files\OpenJDK\openjdk-11.0.14.1_1\bin;C:\Users\mmahasantipiya\AppData\Local\Microsoft\WindowsApps;C:\Users\mmahasantipiya\AppData\Local\Programs\Git\cmd;C:\Program Files\Java\jdk-11\bin;C:\Program Files\OpenJDK\openjdk-11.0.14.1_1\bin;C:\Users\mmahasantipiya\apache-maven-3.8.6\bin;
USERNAME=Mmahasantipiya
OS=Windows_NT
PROCESSOR_IDENTIFIER=Intel64 Family 6 Model 142 Stepping 9, GenuineIntel



---------------  S Y S T E M  ---------------

OS: Windows 10 , 64 bit Build 19041 (10.0.19041.1706)
OS uptime: 0 days 0:54 hours

CPU:total 4 (initial active 4) (2 cores per cpu, 2 threads per core) family 6 model 142 stepping 9 microcode 0xb4, cmov, cx8, fxsr, mmx, sse, sse2, sse3, ssse3, sse4.1, sse4.2, popcnt, avx, avx2, aes, clmul, erms, 3dnowpref, lzcnt, ht, tsc, tscinvbit, bmi1, bmi2, adx, fma

Memory: 4k page, system-wide physical 16273M (8585M free)
TotalPageFile size 18705M (AvailPageFile size 9862M)
current process WorkingSet (physical memory assigned to process): 506M, peak: 517M
current process commit charge ("private bytes"): 622M, peak: 630M

vm_info: OpenJDK 64-Bit Server VM (11.0.14.1+1) for windows-amd64 JRE (11.0.14.1+1), built on Feb  9 2022 18:53:32 by "" with unknown MS VC++:1916

END.
